--------------- Build Started: 04/09/2025 11:52:20 Project: Design01, Configuration: ARM GCC 5.4-2016-q2-update Debug ---------------
The code generation step is up to date.
arm-none-eabi-gcc.exe -mcpu=cortex-m3 -mthumb -I. -IGenerated_Source\PSoC5 -Wa,-alh=.\CortexM3\ARM_GCC_541\Debug/L298N.lst -g -D DEBUG -D CY_CORE_ID=0 -Wall -ffunction-sections -ffat-lto-objects -Og -c L298N.c -o .\CortexM3\ARM_GCC_541\Debug\L298N.o
arm-none-eabi-ar.exe -rs .\CortexM3\ARM_GCC_541\Debug\Design01.a .\CortexM3\ARM_GCC_541\Debug\CyDmac.o .\CortexM3\ARM_GCC_541\Debug\CyFlash.o .\CortexM3\ARM_GCC_541\Debug\CyLib.o .\CortexM3\ARM_GCC_541\Debug\cyPm.o .\CortexM3\ARM_GCC_541\Debug\CySpc.o .\CortexM3\ARM_GCC_541\Debug\cyutils.o .\CortexM3\ARM_GCC_541\Debug\cy_em_eeprom.o .\CortexM3\ARM_GCC_541\Debug\led_blue.o .\CortexM3\ARM_GCC_541\Debug\UART.o .\CortexM3\ARM_GCC_541\Debug\UART_PM.o .\CortexM3\ARM_GCC_541\Debug\UART_INT.o .\CortexM3\ARM_GCC_541\Debug\UART_BOOT.o .\CortexM3\ARM_GCC_541\Debug\SENSOR.o .\CortexM3\ARM_GCC_541\Debug\Clock_1.o .\CortexM3\ARM_GCC_541\Debug\ADC.o .\CortexM3\ARM_GCC_541\Debug\ADC_PM.o .\CortexM3\ARM_GCC_541\Debug\ADC_INT.o .\CortexM3\ARM_GCC_541\Debug\UART_IntClock.o .\CortexM3\ARM_GCC_541\Debug\ADC_AMux.o .\CortexM3\ARM_GCC_541\Debug\ADC_Ext_CP_Clk.o .\CortexM3\ARM_GCC_541\Debug\ADC_IRQ.o .\CortexM3\ARM_GCC_541\Debug\ADC_theACLK.o .\CortexM3\ARM_GCC_541\Debug\Opamp.o .\CortexM3\ARM_GCC_541\Debug\Opamp_PM.o .\CortexM3\ARM_GCC_541\Debug\Clock.o .\CortexM3\ARM_GCC_541\Debug\DIRECCION.o .\CortexM3\ARM_GCC_541\Debug\IN3.o .\CortexM3\ARM_GCC_541\Debug\IN4.o .\CortexM3\ARM_GCC_541\Debug\SCL_1.o .\CortexM3\ARM_GCC_541\Debug\SDA_1.o .\CortexM3\ARM_GCC_541\Debug\I2C.o .\CortexM3\ARM_GCC_541\Debug\I2C_BOOT.o .\CortexM3\ARM_GCC_541\Debug\I2C_INT.o .\CortexM3\ARM_GCC_541\Debug\I2C_PM.o .\CortexM3\ARM_GCC_541\Debug\I2C_SLAVE.o .\CortexM3\ARM_GCC_541\Debug\I2C_MASTER.o .\CortexM3\ARM_GCC_541\Debug\PWM1.o .\CortexM3\ARM_GCC_541\Debug\PWM1_PM.o .\CortexM3\ARM_GCC_541\Debug\PWM2.o .\CortexM3\ARM_GCC_541\Debug\PWM2_PM.o .\CortexM3\ARM_GCC_541\Debug\CyBootAsmGnu.o
arm-none-eabi-ar.exe: creating .\CortexM3\ARM_GCC_541\Debug\Design01.a
arm-none-eabi-gcc.exe -Wl,--start-group -o "C:\Users\nicol\Documents\PSoC Creator\CE195277_ADC_and_UART\CE195352_PSoC_5LP_Blinking_LED\CE195352_PSoC_5LP_Blinking_LED\LED_TEST\Design01.cydsn\CortexM3\ARM_GCC_541\Debug\Design01.elf" .\CortexM3\ARM_GCC_541\Debug\uart_utils.o .\CortexM3\ARM_GCC_541\Debug\L298N.o .\CortexM3\ARM_GCC_541\Debug\SSD1306.o .\CortexM3\ARM_GCC_541\Debug\font8x8.o .\CortexM3\ARM_GCC_541\Debug\main.o .\CortexM3\ARM_GCC_541\Debug\cyfitter_cfg.o .\CortexM3\ARM_GCC_541\Debug\cymetadata.o .\CortexM3\ARM_GCC_541\Debug\Cm3Start.o .\CortexM3\ARM_GCC_541\Debug\Design01.a "C:\Program Files (x86)\Cypress\PSoC Creator\4.4\PSoC Creator\psoc\content\cycomponentlibrary\CyComponentLibrary.cylib\CortexM3\ARM_GCC_541\Debug\CyComponentLibrary.a" -mcpu=cortex-m3 -mthumb -L Generated_Source\PSoC5 -Wl,-Map,.\CortexM3\ARM_GCC_541\Debug/Design01.map -T Generated_Source\PSoC5\cm3gcc.ld -specs=nano.specs -u _printf_float -Wl,--gc-sections -g -ffunction-sections -Og -ffat-lto-objects -Wl,--end-group
.\CortexM3\ARM_GCC_541\Debug\main.o: In function `init':
C:\Users\nicol\Documents\PSoC Creator\CE195277_ADC_and_UART\CE195352_PSoC_5LP_Blinking_LED\CE195352_PSoC_5LP_Blinking_LED\LED_TEST\Design01.cydsn/main.c:12: multiple definition of `init'
.\CortexM3\ARM_GCC_541\Debug\L298N.o:C:\Users\nicol\Documents\PSoC Creator\CE195277_ADC_and_UART\CE195352_PSoC_5LP_Blinking_LED\CE195352_PSoC_5LP_Blinking_LED\LED_TEST\Design01.cydsn/L298N.c:13: first defined here
.\CortexM3\ARM_GCC_541\Debug\main.o: In function `printData':
main.c:(.text.printData+0x0): multiple definition of `printData'
.\CortexM3\ARM_GCC_541\Debug\L298N.o:L298N.c:(.text.printData+0x0): first defined here
.\CortexM3\ARM_GCC_541\Debug\main.o: In function `actualizarPWM':
main.c:(.text.actualizarPWM+0x0): multiple definition of `actualizarPWM'
.\CortexM3\ARM_GCC_541\Debug\L298N.o:L298N.c:(.text.actualizarPWM+0x0): first defined here
.\CortexM3\ARM_GCC_541\Debug\main.o: In function `controlDireccion':
main.c:(.text.controlDireccion+0x0): multiple definition of `controlDireccion'
.\CortexM3\ARM_GCC_541\Debug\L298N.o:L298N.c:(.text.controlDireccion+0x0): first defined here
.\CortexM3\ARM_GCC_541\Debug\main.o: In function `main':
main.c:(.text.main+0x0): multiple definition of `main'
.\CortexM3\ARM_GCC_541\Debug\L298N.o:L298N.c:(.text.main+0x0): first defined here
.\CortexM3\ARM_GCC_541\Debug\main.o:(.bss+0x0): multiple definition of `direccion'
.\CortexM3\ARM_GCC_541\Debug\L298N.o:(.bss+0x0): first defined here
.\CortexM3\ARM_GCC_541\Debug\L298N.o: In function `init':
C:\Users\nicol\Documents\PSoC Creator\CE195277_ADC_and_UART\CE195352_PSoC_5LP_Blinking_LED\CE195352_PSoC_5LP_Blinking_LED\LED_TEST\Design01.cydsn/L298N.c:24: undefined reference to `L298N_Init'
.\CortexM3\ARM_GCC_541\Debug\L298N.o: In function `controlDireccion':
C:\Users\nicol\Documents\PSoC Creator\CE195277_ADC_and_UART\CE195352_PSoC_5LP_Blinking_LED\CE195352_PSoC_5LP_Blinking_LED\LED_TEST\Design01.cydsn/L298N.c:112: undefined reference to `L298N_Forward'
C:\Users\nicol\Documents\PSoC Creator\CE195277_ADC_and_UART\CE195352_PSoC_5LP_Blinking_LED\CE195352_PSoC_5LP_Blinking_LED\LED_TEST\Design01.cydsn/L298N.c:114: undefined reference to `L298N_Backward'
C:\Users\nicol\Documents\PSoC Creator\CE195277_ADC_and_UART\CE195352_PSoC_5LP_Blinking_LED\CE195352_PSoC_5LP_Blinking_LED\LED_TEST\Design01.cydsn/L298N.c:116: undefined reference to `L298N_Stop'
collect2.exe: error: ld returned 1 exit status
The command 'arm-none-eabi-gcc.exe' failed with exit code '1'.
--------------- Build Failed: 04/09/2025 11:52:21 ---------------
