ARM GAS  C:\Users\nicol\AppData\Local\Temp\ccNG2qht.s 			page 1


   1              		.syntax unified
   2              		.cpu cortex-m3
   3              		.fpu softvfp
   4              		.eabi_attribute 20, 1
   5              		.eabi_attribute 21, 1
   6              		.eabi_attribute 23, 3
   7              		.eabi_attribute 24, 1
   8              		.eabi_attribute 25, 1
   9              		.eabi_attribute 26, 1
  10              		.eabi_attribute 30, 1
  11              		.eabi_attribute 34, 1
  12              		.eabi_attribute 18, 4
  13              		.thumb
  14              		.syntax unified
  15              		.file	"cymetadata.c"
  16              		.text
  17              	.Ltext0:
  18              		.cfi_sections	.debug_frame
  19              		.global	cy_metadata
  20              		.global	cy_meta_flashprotect
  21              		.global	cy_meta_wonvl
  22              		.global	cy_meta_custnvl
  23              		.global	cy_meta_configecc
  24              		.section	.cyconfigecc,"a",%progbits
  25              		.align	2
  26              		.type	cy_meta_configecc, %object
  27              		.size	cy_meta_configecc, 1268
  28              	cy_meta_configecc:
  29 0000 02       		.byte	2
  30 0001 52       		.byte	82
  31 0002 00       		.byte	0
  32 0003 40       		.byte	64
  33 0004 01       		.byte	1
  34 0005 64       		.byte	100
  35 0006 00       		.byte	0
  36 0007 40       		.byte	64
  37 0008 03       		.byte	3
  38 0009 65       		.byte	101
  39 000a 00       		.byte	0
  40 000b 40       		.byte	64
  41 000c 04       		.byte	4
  42 000d 04       		.byte	4
  43 000e 01       		.byte	1
  44 000f 40       		.byte	64
  45 0010 01       		.byte	1
  46 0011 05       		.byte	5
  47 0012 01       		.byte	1
  48 0013 40       		.byte	64
  49 0014 01       		.byte	1
  50 0015 07       		.byte	7
  51 0016 01       		.byte	1
  52 0017 40       		.byte	64
  53 0018 62       		.byte	98
  54 0019 08       		.byte	8
  55 001a 01       		.byte	1
  56 001b 40       		.byte	64
  57 001c 3D       		.byte	61
ARM GAS  C:\Users\nicol\AppData\Local\Temp\ccNG2qht.s 			page 2


  58 001d 09       		.byte	9
  59 001e 01       		.byte	1
  60 001f 40       		.byte	64
  61 0020 05       		.byte	5
  62 0021 15       		.byte	21
  63 0022 01       		.byte	1
  64 0023 40       		.byte	64
  65 0024 01       		.byte	1
  66 0025 17       		.byte	23
  67 0026 01       		.byte	1
  68 0027 40       		.byte	64
  69 0028 18       		.byte	24
  70 0029 18       		.byte	24
  71 002a 01       		.byte	1
  72 002b 40       		.byte	64
  73 002c 42       		.byte	66
  74 002d 19       		.byte	25
  75 002e 01       		.byte	1
  76 002f 40       		.byte	64
  77 0030 4D       		.byte	77
  78 0031 1A       		.byte	26
  79 0032 01       		.byte	1
  80 0033 40       		.byte	64
  81 0034 44       		.byte	68
  82 0035 1B       		.byte	27
  83 0036 01       		.byte	1
  84 0037 40       		.byte	64
  85 0038 02       		.byte	2
  86 0039 42       		.byte	66
  87 003a 01       		.byte	1
  88 003b 40       		.byte	64
  89 003c 01       		.byte	1
  90 003d 43       		.byte	67
  91 003e 01       		.byte	1
  92 003f 40       		.byte	64
  93 0040 02       		.byte	2
  94 0041 44       		.byte	68
  95 0042 01       		.byte	1
  96 0043 40       		.byte	64
  97 0044 03       		.byte	3
  98 0045 45       		.byte	69
  99 0046 01       		.byte	1
 100 0047 40       		.byte	64
 101 0048 04       		.byte	4
 102 0049 46       		.byte	70
 103 004a 01       		.byte	1
 104 004b 40       		.byte	64
 105 004c 05       		.byte	5
 106 004d 47       		.byte	71
 107 004e 01       		.byte	1
 108 004f 40       		.byte	64
 109 0050 08       		.byte	8
 110 0051 48       		.byte	72
 111 0052 01       		.byte	1
 112 0053 40       		.byte	64
 113 0054 10       		.byte	16
 114 0055 49       		.byte	73
ARM GAS  C:\Users\nicol\AppData\Local\Temp\ccNG2qht.s 			page 3


 115 0056 01       		.byte	1
 116 0057 40       		.byte	64
 117 0058 0D       		.byte	13
 118 0059 4C       		.byte	76
 119 005a 01       		.byte	1
 120 005b 40       		.byte	64
 121 005c 11       		.byte	17
 122 005d 4D       		.byte	77
 123 005e 01       		.byte	1
 124 005f 40       		.byte	64
 125 0060 04       		.byte	4
 126 0061 50       		.byte	80
 127 0062 01       		.byte	1
 128 0063 40       		.byte	64
 129 0064 01       		.byte	1
 130 0065 51       		.byte	81
 131 0066 01       		.byte	1
 132 0067 40       		.byte	64
 133 0068 14       		.byte	20
 134 0069 04       		.byte	4
 135 006a 79       		.byte	121
 136 006b 02       		.byte	2
 137 006c 88       		.byte	-120
 138 006d 0D       		.byte	13
 139 006e 89       		.byte	-119
 140 006f 0F       		.byte	15
 141 0070 8A       		.byte	-118
 142 0071 72       		.byte	114
 143 0072 8B       		.byte	-117
 144 0073 38       		.byte	56
 145 0074 B9       		.byte	-71
 146 0075 80       		.byte	-128
 147 0076 BF       		.byte	-65
 148 0077 40       		.byte	64
 149 0078 D9       		.byte	-39
 150 0079 04       		.byte	4
 151 007a DF       		.byte	-33
 152 007b 01       		.byte	1
 153 007c 24       		.byte	36
 154 007d 01       		.byte	1
 155 007e B4       		.byte	-76
 156 007f 01       		.byte	1
 157 0080 02       		.byte	2
 158 0081 08       		.byte	8
 159 0082 0A       		.byte	10
 160 0083 10       		.byte	16
 161 0084 12       		.byte	18
 162 0085 10       		.byte	16
 163 0086 13       		.byte	19
 164 0087 01       		.byte	1
 165 0088 14       		.byte	20
 166 0089 0C       		.byte	12
 167 008a 16       		.byte	22
 168 008b 03       		.byte	3
 169 008c 1D       		.byte	29
 170 008d 04       		.byte	4
 171 008e 1E       		.byte	30
ARM GAS  C:\Users\nicol\AppData\Local\Temp\ccNG2qht.s 			page 4


 172 008f 0C       		.byte	12
 173 0090 20       		.byte	32
 174 0091 01       		.byte	1
 175 0092 22       		.byte	34
 176 0093 0E       		.byte	14
 177 0094 26       		.byte	38
 178 0095 03       		.byte	3
 179 0096 27       		.byte	39
 180 0097 06       		.byte	6
 181 0098 28       		.byte	40
 182 0099 01       		.byte	1
 183 009a 2A       		.byte	42
 184 009b 06       		.byte	6
 185 009c 31       		.byte	49
 186 009d 04       		.byte	4
 187 009e 32       		.byte	50
 188 009f 0F       		.byte	15
 189 00a0 34       		.byte	52
 190 00a1 10       		.byte	16
 191 00a2 35       		.byte	53
 192 00a3 01       		.byte	1
 193 00a4 37       		.byte	55
 194 00a5 02       		.byte	2
 195 00a6 3A       		.byte	58
 196 00a7 08       		.byte	8
 197 00a8 3E       		.byte	62
 198 00a9 10       		.byte	16
 199 00aa 40       		.byte	64
 200 00ab 30       		.byte	48
 201 00ac 41       		.byte	65
 202 00ad 04       		.byte	4
 203 00ae 45       		.byte	69
 204 00af D0       		.byte	-48
 205 00b0 46       		.byte	70
 206 00b1 10       		.byte	16
 207 00b2 47       		.byte	71
 208 00b3 20       		.byte	32
 209 00b4 48       		.byte	72
 210 00b5 2A       		.byte	42
 211 00b6 49       		.byte	73
 212 00b7 FF       		.byte	-1
 213 00b8 4A       		.byte	74
 214 00b9 FF       		.byte	-1
 215 00ba 4B       		.byte	75
 216 00bb FF       		.byte	-1
 217 00bc 4D       		.byte	77
 218 00bd A0       		.byte	-96
 219 00be 4F       		.byte	79
 220 00bf 04       		.byte	4
 221 00c0 50       		.byte	80
 222 00c1 18       		.byte	24
 223 00c2 52       		.byte	82
 224 00c3 80       		.byte	-128
 225 00c4 54       		.byte	84
 226 00c5 05       		.byte	5
 227 00c6 58       		.byte	88
 228 00c7 04       		.byte	4
ARM GAS  C:\Users\nicol\AppData\Local\Temp\ccNG2qht.s 			page 5


 229 00c8 59       		.byte	89
 230 00c9 04       		.byte	4
 231 00ca 5A       		.byte	90
 232 00cb 04       		.byte	4
 233 00cc 5B       		.byte	91
 234 00cd 04       		.byte	4
 235 00ce 5C       		.byte	92
 236 00cf 21       		.byte	33
 237 00d0 5D       		.byte	93
 238 00d1 22       		.byte	34
 239 00d2 5F       		.byte	95
 240 00d3 01       		.byte	1
 241 00d4 60       		.byte	96
 242 00d5 40       		.byte	64
 243 00d6 62       		.byte	98
 244 00d7 C0       		.byte	-64
 245 00d8 64       		.byte	100
 246 00d9 40       		.byte	64
 247 00da 65       		.byte	101
 248 00db 40       		.byte	64
 249 00dc 66       		.byte	102
 250 00dd C0       		.byte	-64
 251 00de 68       		.byte	104
 252 00df C0       		.byte	-64
 253 00e0 6A       		.byte	106
 254 00e1 C0       		.byte	-64
 255 00e2 6C       		.byte	108
 256 00e3 C0       		.byte	-64
 257 00e4 6E       		.byte	110
 258 00e5 C0       		.byte	-64
 259 00e6 80       		.byte	-128
 260 00e7 40       		.byte	64
 261 00e8 83       		.byte	-125
 262 00e9 03       		.byte	3
 263 00ea 90       		.byte	-112
 264 00eb 30       		.byte	48
 265 00ec 92       		.byte	-110
 266 00ed 44       		.byte	68
 267 00ee 94       		.byte	-108
 268 00ef 70       		.byte	112
 269 00f0 95       		.byte	-107
 270 00f1 06       		.byte	6
 271 00f2 96       		.byte	-106
 272 00f3 08       		.byte	8
 273 00f4 97       		.byte	-105
 274 00f5 01       		.byte	1
 275 00f6 98       		.byte	-104
 276 00f7 02       		.byte	2
 277 00f8 9A       		.byte	-102
 278 00f9 0C       		.byte	12
 279 00fa 9B       		.byte	-101
 280 00fb 05       		.byte	5
 281 00fc 9C       		.byte	-100
 282 00fd 24       		.byte	36
 283 00fe 9E       		.byte	-98
 284 00ff 40       		.byte	64
 285 0100 9F       		.byte	-97
ARM GAS  C:\Users\nicol\AppData\Local\Temp\ccNG2qht.s 			page 6


 286 0101 02       		.byte	2
 287 0102 A0       		.byte	-96
 288 0103 01       		.byte	1
 289 0104 A3       		.byte	-93
 290 0105 06       		.byte	6
 291 0106 A4       		.byte	-92
 292 0107 50       		.byte	80
 293 0108 A8       		.byte	-88
 294 0109 40       		.byte	64
 295 010a AA       		.byte	-86
 296 010b 30       		.byte	48
 297 010c AB       		.byte	-85
 298 010d 01       		.byte	1
 299 010e B1       		.byte	-79
 300 010f 07       		.byte	7
 301 0110 B2       		.byte	-78
 302 0111 01       		.byte	1
 303 0112 B4       		.byte	-76
 304 0113 7C       		.byte	124
 305 0114 B6       		.byte	-74
 306 0115 02       		.byte	2
 307 0116 BB       		.byte	-69
 308 0117 0A       		.byte	10
 309 0118 BE       		.byte	-66
 310 0119 44       		.byte	68
 311 011a C0       		.byte	-64
 312 011b 63       		.byte	99
 313 011c C1       		.byte	-63
 314 011d 05       		.byte	5
 315 011e C5       		.byte	-59
 316 011f 0B       		.byte	11
 317 0120 C6       		.byte	-58
 318 0121 0E       		.byte	14
 319 0122 C7       		.byte	-57
 320 0123 0C       		.byte	12
 321 0124 C8       		.byte	-56
 322 0125 15       		.byte	21
 323 0126 C9       		.byte	-55
 324 0127 FF       		.byte	-1
 325 0128 CA       		.byte	-54
 326 0129 FF       		.byte	-1
 327 012a CB       		.byte	-53
 328 012b FF       		.byte	-1
 329 012c CE       		.byte	-50
 330 012d F0       		.byte	-16
 331 012e CF       		.byte	-49
 332 012f 44       		.byte	68
 333 0130 D0       		.byte	-48
 334 0131 0C       		.byte	12
 335 0132 D8       		.byte	-40
 336 0133 04       		.byte	4
 337 0134 D9       		.byte	-39
 338 0135 04       		.byte	4
 339 0136 DA       		.byte	-38
 340 0137 04       		.byte	4
 341 0138 DC       		.byte	-36
 342 0139 11       		.byte	17
ARM GAS  C:\Users\nicol\AppData\Local\Temp\ccNG2qht.s 			page 7


 343 013a DD       		.byte	-35
 344 013b 01       		.byte	1
 345 013c DF       		.byte	-33
 346 013d 01       		.byte	1
 347 013e E6       		.byte	-26
 348 013f C0       		.byte	-64
 349 0140 EA       		.byte	-22
 350 0141 40       		.byte	64
 351 0142 EB       		.byte	-21
 352 0143 02       		.byte	2
 353 0144 01       		.byte	1
 354 0145 01       		.byte	1
 355 0146 03       		.byte	3
 356 0147 40       		.byte	64
 357 0148 07       		.byte	7
 358 0149 48       		.byte	72
 359 014a 08       		.byte	8
 360 014b 40       		.byte	64
 361 014c 09       		.byte	9
 362 014d 48       		.byte	72
 363 014e 0A       		.byte	10
 364 014f 04       		.byte	4
 365 0150 0B       		.byte	11
 366 0151 40       		.byte	64
 367 0152 0C       		.byte	12
 368 0153 40       		.byte	64
 369 0154 0D       		.byte	13
 370 0155 02       		.byte	2
 371 0156 0E       		.byte	14
 372 0157 10       		.byte	16
 373 0158 10       		.byte	16
 374 0159 A0       		.byte	-96
 375 015a 11       		.byte	17
 376 015b 10       		.byte	16
 377 015c 12       		.byte	18
 378 015d 08       		.byte	8
 379 015e 13       		.byte	19
 380 015f 02       		.byte	2
 381 0160 15       		.byte	21
 382 0161 12       		.byte	18
 383 0162 17       		.byte	23
 384 0163 04       		.byte	4
 385 0164 19       		.byte	25
 386 0165 08       		.byte	8
 387 0166 1A       		.byte	26
 388 0167 06       		.byte	6
 389 0168 1D       		.byte	29
 390 0169 08       		.byte	8
 391 016a 1E       		.byte	30
 392 016b 18       		.byte	24
 393 016c 21       		.byte	33
 394 016d 01       		.byte	1
 395 016e 23       		.byte	35
 396 016f 50       		.byte	80
 397 0170 24       		.byte	36
 398 0171 40       		.byte	64
 399 0172 26       		.byte	38
ARM GAS  C:\Users\nicol\AppData\Local\Temp\ccNG2qht.s 			page 8


 400 0173 40       		.byte	64
 401 0174 27       		.byte	39
 402 0175 08       		.byte	8
 403 0176 28       		.byte	40
 404 0177 40       		.byte	64
 405 0178 2B       		.byte	43
 406 0179 08       		.byte	8
 407 017a 2F       		.byte	47
 408 017b 20       		.byte	32
 409 017c 31       		.byte	49
 410 017d 18       		.byte	24
 411 017e 33       		.byte	51
 412 017f 40       		.byte	64
 413 0180 35       		.byte	53
 414 0181 02       		.byte	2
 415 0182 36       		.byte	54
 416 0183 40       		.byte	64
 417 0184 39       		.byte	57
 418 0185 02       		.byte	2
 419 0186 43       		.byte	67
 420 0187 0C       		.byte	12
 421 0188 45       		.byte	69
 422 0189 02       		.byte	2
 423 018a 47       		.byte	71
 424 018b 08       		.byte	8
 425 018c 48       		.byte	72
 426 018d 20       		.byte	32
 427 018e 49       		.byte	73
 428 018f 10       		.byte	16
 429 0190 4A       		.byte	74
 430 0191 08       		.byte	8
 431 0192 4B       		.byte	75
 432 0193 40       		.byte	64
 433 0194 4F       		.byte	79
 434 0195 01       		.byte	1
 435 0196 50       		.byte	80
 436 0197 88       		.byte	-120
 437 0198 55       		.byte	85
 438 0199 02       		.byte	2
 439 019a 56       		.byte	86
 440 019b 10       		.byte	16
 441 019c 57       		.byte	87
 442 019d 20       		.byte	32
 443 019e 5C       		.byte	92
 444 019f 40       		.byte	64
 445 01a0 5E       		.byte	94
 446 01a1 08       		.byte	8
 447 01a2 5F       		.byte	95
 448 01a3 01       		.byte	1
 449 01a4 75       		.byte	117
 450 01a5 02       		.byte	2
 451 01a6 86       		.byte	-122
 452 01a7 01       		.byte	1
 453 01a8 C0       		.byte	-64
 454 01a9 58       		.byte	88
 455 01aa C2       		.byte	-62
 456 01ab BF       		.byte	-65
ARM GAS  C:\Users\nicol\AppData\Local\Temp\ccNG2qht.s 			page 9


 457 01ac C4       		.byte	-60
 458 01ad 7E       		.byte	126
 459 01ae CA       		.byte	-54
 460 01af 45       		.byte	69
 461 01b0 CC       		.byte	-52
 462 01b1 9E       		.byte	-98
 463 01b2 CE       		.byte	-50
 464 01b3 01       		.byte	1
 465 01b4 D0       		.byte	-48
 466 01b5 C2       		.byte	-62
 467 01b6 D2       		.byte	-46
 468 01b7 0C       		.byte	12
 469 01b8 D6       		.byte	-42
 470 01b9 D0       		.byte	-48
 471 01ba E4       		.byte	-28
 472 01bb 02       		.byte	2
 473 01bc EC       		.byte	-20
 474 01bd 10       		.byte	16
 475 01be E0       		.byte	-32
 476 01bf 08       		.byte	8
 477 01c0 E4       		.byte	-28
 478 01c1 01       		.byte	1
 479 01c2 E6       		.byte	-26
 480 01c3 80       		.byte	-128
 481 01c4 EA       		.byte	-22
 482 01c5 01       		.byte	1
 483 01c6 EC       		.byte	-20
 484 01c7 10       		.byte	16
 485 01c8 E2       		.byte	-30
 486 01c9 42       		.byte	66
 487 01ca 05       		.byte	5
 488 01cb 73       		.byte	115
 489 01cc 06       		.byte	6
 490 01cd 01       		.byte	1
 491 01ce 07       		.byte	7
 492 01cf 0C       		.byte	12
 493 01d0 09       		.byte	9
 494 01d1 2A       		.byte	42
 495 01d2 0B       		.byte	11
 496 01d3 44       		.byte	68
 497 01d4 0D       		.byte	13
 498 01d5 73       		.byte	115
 499 01d6 0F       		.byte	15
 500 01d7 04       		.byte	4
 501 01d8 13       		.byte	19
 502 01d9 08       		.byte	8
 503 01da 19       		.byte	25
 504 01db 03       		.byte	3
 505 01dc 1B       		.byte	27
 506 01dd 04       		.byte	4
 507 01de 26       		.byte	38
 508 01df 01       		.byte	1
 509 01e0 29       		.byte	41
 510 01e1 80       		.byte	-128
 511 01e2 2B       		.byte	43
 512 01e3 15       		.byte	21
 513 01e4 30       		.byte	48
ARM GAS  C:\Users\nicol\AppData\Local\Temp\ccNG2qht.s 			page 10


 514 01e5 01       		.byte	1
 515 01e6 33       		.byte	51
 516 01e7 0F       		.byte	15
 517 01e8 35       		.byte	53
 518 01e9 30       		.byte	48
 519 01ea 37       		.byte	55
 520 01eb C0       		.byte	-64
 521 01ec 39       		.byte	57
 522 01ed A0       		.byte	-96
 523 01ee 3B       		.byte	59
 524 01ef 08       		.byte	8
 525 01f0 3F       		.byte	63
 526 01f1 10       		.byte	16
 527 01f2 58       		.byte	88
 528 01f3 04       		.byte	4
 529 01f4 59       		.byte	89
 530 01f5 04       		.byte	4
 531 01f6 5C       		.byte	92
 532 01f7 12       		.byte	18
 533 01f8 5F       		.byte	95
 534 01f9 01       		.byte	1
 535 01fa 00       		.byte	0
 536 01fb 08       		.byte	8
 537 01fc 01       		.byte	1
 538 01fd 40       		.byte	64
 539 01fe 03       		.byte	3
 540 01ff 08       		.byte	8
 541 0200 06       		.byte	6
 542 0201 10       		.byte	16
 543 0202 09       		.byte	9
 544 0203 20       		.byte	32
 545 0204 0A       		.byte	10
 546 0205 16       		.byte	22
 547 0206 0B       		.byte	11
 548 0207 40       		.byte	64
 549 0208 10       		.byte	16
 550 0209 98       		.byte	-104
 551 020a 12       		.byte	18
 552 020b 02       		.byte	2
 553 020c 13       		.byte	19
 554 020d 20       		.byte	32
 555 020e 17       		.byte	23
 556 020f 08       		.byte	8
 557 0210 18       		.byte	24
 558 0211 04       		.byte	4
 559 0212 19       		.byte	25
 560 0213 80       		.byte	-128
 561 0214 1A       		.byte	26
 562 0215 80       		.byte	-128
 563 0216 1F       		.byte	31
 564 0217 01       		.byte	1
 565 0218 20       		.byte	32
 566 0219 41       		.byte	65
 567 021a 22       		.byte	34
 568 021b 05       		.byte	5
 569 021c 24       		.byte	36
 570 021d 08       		.byte	8
ARM GAS  C:\Users\nicol\AppData\Local\Temp\ccNG2qht.s 			page 11


 571 021e 25       		.byte	37
 572 021f 44       		.byte	68
 573 0220 26       		.byte	38
 574 0221 08       		.byte	8
 575 0222 27       		.byte	39
 576 0223 01       		.byte	1
 577 0224 28       		.byte	40
 578 0225 B0       		.byte	-80
 579 0226 29       		.byte	41
 580 0227 22       		.byte	34
 581 0228 2F       		.byte	47
 582 0229 08       		.byte	8
 583 022a 31       		.byte	49
 584 022b 20       		.byte	32
 585 022c 33       		.byte	51
 586 022d 04       		.byte	4
 587 022e 37       		.byte	55
 588 022f 21       		.byte	33
 589 0230 38       		.byte	56
 590 0231 44       		.byte	68
 591 0232 39       		.byte	57
 592 0233 02       		.byte	2
 593 0234 3A       		.byte	58
 594 0235 20       		.byte	32
 595 0236 3B       		.byte	59
 596 0237 10       		.byte	16
 597 0238 3C       		.byte	60
 598 0239 08       		.byte	8
 599 023a 3D       		.byte	61
 600 023b 08       		.byte	8
 601 023c 3E       		.byte	62
 602 023d 10       		.byte	16
 603 023e 3F       		.byte	63
 604 023f 40       		.byte	64
 605 0240 40       		.byte	64
 606 0241 81       		.byte	-127
 607 0242 41       		.byte	65
 608 0243 08       		.byte	8
 609 0244 49       		.byte	73
 610 0245 80       		.byte	-128
 611 0246 4B       		.byte	75
 612 0247 94       		.byte	-108
 613 0248 51       		.byte	81
 614 0249 04       		.byte	4
 615 024a 59       		.byte	89
 616 024b 08       		.byte	8
 617 024c 5A       		.byte	90
 618 024d 80       		.byte	-128
 619 024e 5B       		.byte	91
 620 024f 22       		.byte	34
 621 0250 8C       		.byte	-116
 622 0251 84       		.byte	-124
 623 0252 8E       		.byte	-114
 624 0253 02       		.byte	2
 625 0254 8F       		.byte	-113
 626 0255 05       		.byte	5
 627 0256 92       		.byte	-110
ARM GAS  C:\Users\nicol\AppData\Local\Temp\ccNG2qht.s 			page 12


 628 0257 10       		.byte	16
 629 0258 93       		.byte	-109
 630 0259 50       		.byte	80
 631 025a 95       		.byte	-107
 632 025b 01       		.byte	1
 633 025c 99       		.byte	-103
 634 025d 08       		.byte	8
 635 025e 9A       		.byte	-102
 636 025f 10       		.byte	16
 637 0260 9B       		.byte	-101
 638 0261 0A       		.byte	10
 639 0262 A0       		.byte	-96
 640 0263 08       		.byte	8
 641 0264 A5       		.byte	-91
 642 0265 40       		.byte	64
 643 0266 A6       		.byte	-90
 644 0267 08       		.byte	8
 645 0268 A7       		.byte	-89
 646 0269 08       		.byte	8
 647 026a C0       		.byte	-64
 648 026b 27       		.byte	39
 649 026c C2       		.byte	-62
 650 026d 0F       		.byte	15
 651 026e C4       		.byte	-60
 652 026f 2F       		.byte	47
 653 0270 CA       		.byte	-54
 654 0271 27       		.byte	39
 655 0272 CC       		.byte	-52
 656 0273 A6       		.byte	-90
 657 0274 CE       		.byte	-50
 658 0275 7F       		.byte	127
 659 0276 D0       		.byte	-48
 660 0277 0B       		.byte	11
 661 0278 D2       		.byte	-46
 662 0279 0C       		.byte	12
 663 027a D6       		.byte	-42
 664 027b 0F       		.byte	15
 665 027c E2       		.byte	-30
 666 027d 42       		.byte	66
 667 027e 00       		.byte	0
 668 027f 01       		.byte	1
 669 0280 01       		.byte	1
 670 0281 3C       		.byte	60
 671 0282 02       		.byte	2
 672 0283 40       		.byte	64
 673 0284 03       		.byte	3
 674 0285 C2       		.byte	-62
 675 0286 04       		.byte	4
 676 0287 03       		.byte	3
 677 0288 05       		.byte	5
 678 0289 C0       		.byte	-64
 679 028a 08       		.byte	8
 680 028b 0F       		.byte	15
 681 028c 09       		.byte	9
 682 028d 08       		.byte	8
 683 028e 0A       		.byte	10
 684 028f 30       		.byte	48
ARM GAS  C:\Users\nicol\AppData\Local\Temp\ccNG2qht.s 			page 13


 685 0290 0C       		.byte	12
 686 0291 33       		.byte	51
 687 0292 0E       		.byte	14
 688 0293 0C       		.byte	12
 689 0294 0F       		.byte	15
 690 0295 E3       		.byte	-29
 691 0296 11       		.byte	17
 692 0297 80       		.byte	-128
 693 0298 12       		.byte	18
 694 0299 23       		.byte	35
 695 029a 14       		.byte	20
 696 029b 3F       		.byte	63
 697 029c 15       		.byte	21
 698 029d 18       		.byte	24
 699 029e 19       		.byte	25
 700 029f 1C       		.byte	28
 701 02a0 1B       		.byte	27
 702 02a1 E1       		.byte	-31
 703 02a2 1C       		.byte	28
 704 02a3 02       		.byte	2
 705 02a4 1D       		.byte	29
 706 02a5 10       		.byte	16
 707 02a6 20       		.byte	32
 708 02a7 08       		.byte	8
 709 02a8 21       		.byte	33
 710 02a9 44       		.byte	68
 711 02aa 24       		.byte	36
 712 02ab 04       		.byte	4
 713 02ac 27       		.byte	39
 714 02ad 04       		.byte	4
 715 02ae 28       		.byte	40
 716 02af 0C       		.byte	12
 717 02b0 29       		.byte	41
 718 02b1 FF       		.byte	-1
 719 02b2 2C       		.byte	44
 720 02b3 0C       		.byte	12
 721 02b4 2D       		.byte	45
 722 02b5 E7       		.byte	-25
 723 02b6 2E       		.byte	46
 724 02b7 33       		.byte	51
 725 02b8 2F       		.byte	47
 726 02b9 18       		.byte	24
 727 02ba 30       		.byte	48
 728 02bb 0F       		.byte	15
 729 02bc 31       		.byte	49
 730 02bd 1F       		.byte	31
 731 02be 32       		.byte	50
 732 02bf 40       		.byte	64
 733 02c0 33       		.byte	51
 734 02c1 38       		.byte	56
 735 02c2 34       		.byte	52
 736 02c3 2C       		.byte	44
 737 02c4 36       		.byte	54
 738 02c5 10       		.byte	16
 739 02c6 37       		.byte	55
 740 02c7 C0       		.byte	-64
 741 02c8 38       		.byte	56
ARM GAS  C:\Users\nicol\AppData\Local\Temp\ccNG2qht.s 			page 14


 742 02c9 80       		.byte	-128
 743 02ca 3A       		.byte	58
 744 02cb 22       		.byte	34
 745 02cc 3B       		.byte	59
 746 02cd 02       		.byte	2
 747 02ce 56       		.byte	86
 748 02cf 02       		.byte	2
 749 02d0 57       		.byte	87
 750 02d1 12       		.byte	18
 751 02d2 58       		.byte	88
 752 02d3 04       		.byte	4
 753 02d4 59       		.byte	89
 754 02d5 04       		.byte	4
 755 02d6 5B       		.byte	91
 756 02d7 04       		.byte	4
 757 02d8 5C       		.byte	92
 758 02d9 11       		.byte	17
 759 02da 5D       		.byte	93
 760 02db 10       		.byte	16
 761 02dc 5F       		.byte	95
 762 02dd 01       		.byte	1
 763 02de 87       		.byte	-121
 764 02df 01       		.byte	1
 765 02e0 92       		.byte	-110
 766 02e1 01       		.byte	1
 767 02e2 9B       		.byte	-101
 768 02e3 01       		.byte	1
 769 02e4 A6       		.byte	-90
 770 02e5 01       		.byte	1
 771 02e6 B1       		.byte	-79
 772 02e7 01       		.byte	1
 773 02e8 B2       		.byte	-78
 774 02e9 01       		.byte	1
 775 02ea BE       		.byte	-66
 776 02eb 04       		.byte	4
 777 02ec BF       		.byte	-65
 778 02ed 01       		.byte	1
 779 02ee C0       		.byte	-64
 780 02ef 06       		.byte	6
 781 02f0 C5       		.byte	-59
 782 02f1 40       		.byte	64
 783 02f2 C9       		.byte	-55
 784 02f3 FF       		.byte	-1
 785 02f4 CA       		.byte	-54
 786 02f5 07       		.byte	7
 787 02f6 CB       		.byte	-53
 788 02f7 FF       		.byte	-1
 789 02f8 CC       		.byte	-52
 790 02f9 40       		.byte	64
 791 02fa CD       		.byte	-51
 792 02fb 20       		.byte	32
 793 02fc CE       		.byte	-50
 794 02fd F0       		.byte	-16
 795 02fe CF       		.byte	-49
 796 02ff 05       		.byte	5
 797 0300 D0       		.byte	-48
 798 0301 08       		.byte	8
ARM GAS  C:\Users\nicol\AppData\Local\Temp\ccNG2qht.s 			page 15


 799 0302 D4       		.byte	-44
 800 0303 18       		.byte	24
 801 0304 D8       		.byte	-40
 802 0305 04       		.byte	4
 803 0306 D9       		.byte	-39
 804 0307 04       		.byte	4
 805 0308 DA       		.byte	-38
 806 0309 04       		.byte	4
 807 030a DB       		.byte	-37
 808 030b 04       		.byte	4
 809 030c DD       		.byte	-35
 810 030d 11       		.byte	17
 811 030e DF       		.byte	-33
 812 030f 01       		.byte	1
 813 0310 E0       		.byte	-32
 814 0311 40       		.byte	64
 815 0312 E1       		.byte	-31
 816 0313 A8       		.byte	-88
 817 0314 E2       		.byte	-30
 818 0315 40       		.byte	64
 819 0316 E3       		.byte	-29
 820 0317 20       		.byte	32
 821 0318 00       		.byte	0
 822 0319 04       		.byte	4
 823 031a 01       		.byte	1
 824 031b 20       		.byte	32
 825 031c 03       		.byte	3
 826 031d 82       		.byte	-126
 827 031e 0A       		.byte	10
 828 031f 02       		.byte	2
 829 0320 0B       		.byte	11
 830 0321 90       		.byte	-112
 831 0322 0F       		.byte	15
 832 0323 80       		.byte	-128
 833 0324 10       		.byte	16
 834 0325 A8       		.byte	-88
 835 0326 12       		.byte	18
 836 0327 02       		.byte	2
 837 0328 15       		.byte	21
 838 0329 08       		.byte	8
 839 032a 19       		.byte	25
 840 032b 36       		.byte	54
 841 032c 1B       		.byte	27
 842 032d 42       		.byte	66
 843 032e 1F       		.byte	31
 844 032f 04       		.byte	4
 845 0330 21       		.byte	33
 846 0331 09       		.byte	9
 847 0332 22       		.byte	34
 848 0333 02       		.byte	2
 849 0334 23       		.byte	35
 850 0335 21       		.byte	33
 851 0336 26       		.byte	38
 852 0337 01       		.byte	1
 853 0338 29       		.byte	41
 854 0339 04       		.byte	4
 855 033a 2A       		.byte	42
ARM GAS  C:\Users\nicol\AppData\Local\Temp\ccNG2qht.s 			page 16


 856 033b 20       		.byte	32
 857 033c 2B       		.byte	43
 858 033d 82       		.byte	-126
 859 033e 30       		.byte	48
 860 033f 88       		.byte	-120
 861 0340 31       		.byte	49
 862 0341 10       		.byte	16
 863 0342 32       		.byte	50
 864 0343 01       		.byte	1
 865 0344 37       		.byte	55
 866 0345 20       		.byte	32
 867 0346 38       		.byte	56
 868 0347 24       		.byte	36
 869 0348 39       		.byte	57
 870 0349 02       		.byte	2
 871 034a 3B       		.byte	59
 872 034b 80       		.byte	-128
 873 034c 3F       		.byte	63
 874 034d 04       		.byte	4
 875 034e 49       		.byte	73
 876 034f 80       		.byte	-128
 877 0350 4A       		.byte	74
 878 0351 01       		.byte	1
 879 0352 4C       		.byte	76
 880 0353 04       		.byte	4
 881 0354 4D       		.byte	77
 882 0355 01       		.byte	1
 883 0356 57       		.byte	87
 884 0357 08       		.byte	8
 885 0358 5A       		.byte	90
 886 0359 08       		.byte	8
 887 035a 5F       		.byte	95
 888 035b 01       		.byte	1
 889 035c 65       		.byte	101
 890 035d 80       		.byte	-128
 891 035e 67       		.byte	103
 892 035f 08       		.byte	8
 893 0360 69       		.byte	105
 894 0361 40       		.byte	64
 895 0362 6A       		.byte	106
 896 0363 04       		.byte	4
 897 0364 6B       		.byte	107
 898 0365 04       		.byte	4
 899 0366 70       		.byte	112
 900 0367 B8       		.byte	-72
 901 0368 88       		.byte	-120
 902 0369 20       		.byte	32
 903 036a 8B       		.byte	-117
 904 036b 80       		.byte	-128
 905 036c 90       		.byte	-112
 906 036d 0C       		.byte	12
 907 036e 91       		.byte	-111
 908 036f 08       		.byte	8
 909 0370 92       		.byte	-110
 910 0371 0A       		.byte	10
 911 0372 93       		.byte	-109
 912 0373 94       		.byte	-108
ARM GAS  C:\Users\nicol\AppData\Local\Temp\ccNG2qht.s 			page 17


 913 0374 95       		.byte	-107
 914 0375 43       		.byte	67
 915 0376 96       		.byte	-106
 916 0377 04       		.byte	4
 917 0378 9A       		.byte	-102
 918 0379 20       		.byte	32
 919 037a 9C       		.byte	-100
 920 037b 20       		.byte	32
 921 037c 9D       		.byte	-99
 922 037d 22       		.byte	34
 923 037e 9F       		.byte	-97
 924 037f 04       		.byte	4
 925 0380 A5       		.byte	-91
 926 0381 08       		.byte	8
 927 0382 A7       		.byte	-89
 928 0383 08       		.byte	8
 929 0384 C0       		.byte	-64
 930 0385 0F       		.byte	15
 931 0386 C2       		.byte	-62
 932 0387 1D       		.byte	29
 933 0388 C4       		.byte	-60
 934 0389 2F       		.byte	47
 935 038a CA       		.byte	-54
 936 038b 0F       		.byte	15
 937 038c CC       		.byte	-52
 938 038d 2F       		.byte	47
 939 038e CE       		.byte	-50
 940 038f 4F       		.byte	79
 941 0390 D2       		.byte	-46
 942 0391 20       		.byte	32
 943 0392 D6       		.byte	-42
 944 0393 82       		.byte	-126
 945 0394 D8       		.byte	-40
 946 0395 30       		.byte	48
 947 0396 E0       		.byte	-32
 948 0397 08       		.byte	8
 949 0398 E4       		.byte	-28
 950 0399 01       		.byte	1
 951 039a E6       		.byte	-26
 952 039b 80       		.byte	-128
 953 039c EA       		.byte	-22
 954 039d 01       		.byte	1
 955 039e EC       		.byte	-20
 956 039f 10       		.byte	16
 957 03a0 3E       		.byte	62
 958 03a1 10       		.byte	16
 959 03a2 CE       		.byte	-50
 960 03a3 20       		.byte	32
 961 03a4 96       		.byte	-106
 962 03a5 10       		.byte	16
 963 03a6 7C       		.byte	124
 964 03a7 01       		.byte	1
 965 03a8 DE       		.byte	-34
 966 03a9 01       		.byte	1
 967 03aa 53       		.byte	83
 968 03ab 80       		.byte	-128
 969 03ac 94       		.byte	-108
ARM GAS  C:\Users\nicol\AppData\Local\Temp\ccNG2qht.s 			page 18


 970 03ad 01       		.byte	1
 971 03ae D4       		.byte	-44
 972 03af 04       		.byte	4
 973 03b0 45       		.byte	69
 974 03b1 08       		.byte	8
 975 03b2 94       		.byte	-108
 976 03b3 01       		.byte	1
 977 03b4 A7       		.byte	-89
 978 03b5 80       		.byte	-128
 979 03b6 D0       		.byte	-48
 980 03b7 01       		.byte	1
 981 03b8 84       		.byte	-124
 982 03b9 04       		.byte	4
 983 03ba A5       		.byte	-91
 984 03bb 08       		.byte	8
 985 03bc A7       		.byte	-89
 986 03bd 80       		.byte	-128
 987 03be B4       		.byte	-76
 988 03bf 01       		.byte	1
 989 03c0 EC       		.byte	-20
 990 03c1 08       		.byte	8
 991 03c2 25       		.byte	37
 992 03c3 10       		.byte	16
 993 03c4 53       		.byte	83
 994 03c5 01       		.byte	1
 995 03c6 84       		.byte	-124
 996 03c7 08       		.byte	8
 997 03c8 8F       		.byte	-113
 998 03c9 01       		.byte	1
 999 03ca 96       		.byte	-106
 1000 03cb 10       		.byte	16
 1001 03cc C8       		.byte	-56
 1002 03cd 20       		.byte	32
 1003 03ce D4       		.byte	-44
 1004 03cf 80       		.byte	-128
 1005 03d0 E2       		.byte	-30
 1006 03d1 40       		.byte	64
 1007 03d2 12       		.byte	18
 1008 03d3 20       		.byte	32
 1009 03d4 16       		.byte	22
 1010 03d5 40       		.byte	64
 1011 03d6 70       		.byte	112
 1012 03d7 08       		.byte	8
 1013 03d8 76       		.byte	118
 1014 03d9 20       		.byte	32
 1015 03da 82       		.byte	-126
 1016 03db 20       		.byte	32
 1017 03dc 86       		.byte	-122
 1018 03dd 40       		.byte	64
 1019 03de 8A       		.byte	-118
 1020 03df 20       		.byte	32
 1021 03e0 A0       		.byte	-96
 1022 03e1 08       		.byte	8
 1023 03e2 AA       		.byte	-86
 1024 03e3 10       		.byte	16
 1025 03e4 B5       		.byte	-75
 1026 03e5 10       		.byte	16
ARM GAS  C:\Users\nicol\AppData\Local\Temp\ccNG2qht.s 			page 19


 1027 03e6 C4       		.byte	-60
 1028 03e7 30       		.byte	48
 1029 03e8 DC       		.byte	-36
 1030 03e9 80       		.byte	-128
 1031 03ea DE       		.byte	-34
 1032 03eb 20       		.byte	32
 1033 03ec E0       		.byte	-32
 1034 03ed 10       		.byte	16
 1035 03ee E4       		.byte	-28
 1036 03ef 80       		.byte	-128
 1037 03f0 EA       		.byte	-22
 1038 03f1 80       		.byte	-128
 1039 03f2 12       		.byte	18
 1040 03f3 10       		.byte	16
 1041 03f4 13       		.byte	19
 1042 03f5 20       		.byte	32
 1043 03f6 15       		.byte	21
 1044 03f7 01       		.byte	1
 1045 03f8 7B       		.byte	123
 1046 03f9 10       		.byte	16
 1047 03fa 7F       		.byte	127
 1048 03fb 40       		.byte	64
 1049 03fc 86       		.byte	-122
 1050 03fd 10       		.byte	16
 1051 03fe 8F       		.byte	-113
 1052 03ff 80       		.byte	-128
 1053 0400 A0       		.byte	-96
 1054 0401 04       		.byte	4
 1055 0402 A5       		.byte	-91
 1056 0403 08       		.byte	8
 1057 0404 A7       		.byte	-89
 1058 0405 80       		.byte	-128
 1059 0406 C4       		.byte	-60
 1060 0407 0E       		.byte	14
 1061 0408 DE       		.byte	-34
 1062 0409 03       		.byte	3
 1063 040a E0       		.byte	-32
 1064 040b 02       		.byte	2
 1065 040c 10       		.byte	16
 1066 040d 40       		.byte	64
 1067 040e 74       		.byte	116
 1068 040f 04       		.byte	4
 1069 0410 83       		.byte	-125
 1070 0411 10       		.byte	16
 1071 0412 87       		.byte	-121
 1072 0413 40       		.byte	64
 1073 0414 88       		.byte	-120
 1074 0415 40       		.byte	64
 1075 0416 89       		.byte	-119
 1076 0417 01       		.byte	1
 1077 0418 91       		.byte	-111
 1078 0419 01       		.byte	1
 1079 041a 97       		.byte	-105
 1080 041b 80       		.byte	-128
 1081 041c A0       		.byte	-96
 1082 041d 04       		.byte	4
 1083 041e A7       		.byte	-89
ARM GAS  C:\Users\nicol\AppData\Local\Temp\ccNG2qht.s 			page 20


 1084 041f 10       		.byte	16
 1085 0420 AB       		.byte	-85
 1086 0421 20       		.byte	32
 1087 0422 B5       		.byte	-75
 1088 0423 08       		.byte	8
 1089 0424 C4       		.byte	-60
 1090 0425 08       		.byte	8
 1091 0426 DE       		.byte	-34
 1092 0427 04       		.byte	4
 1093 0428 E2       		.byte	-30
 1094 0429 01       		.byte	1
 1095 042a E6       		.byte	-26
 1096 042b 01       		.byte	1
 1097 042c EC       		.byte	-20
 1098 042d 08       		.byte	8
 1099 042e 00       		.byte	0
 1100 042f 06       		.byte	6
 1101 0430 0C       		.byte	12
 1102 0431 06       		.byte	6
 1103 0432 10       		.byte	16
 1104 0433 06       		.byte	6
 1105 0434 1C       		.byte	28
 1106 0435 06       		.byte	6
 1107 0436 03       		.byte	3
 1108 0437 C0       		.byte	-64
 1109 0438 82       		.byte	-126
 1110 0439 80       		.byte	-128
 1111 043a 00       		.byte	0
 1112 043b 00       		.byte	0
 1113 043c 43       		.byte	67
 1114 043d 00       		.byte	0
 1115 043e 00       		.byte	0
 1116 043f 00       		.byte	0
 1117 0440 00       		.byte	0
 1118 0441 01       		.byte	1
 1119 0442 00       		.byte	0
 1120 0443 00       		.byte	0
 1121 0444 01       		.byte	1
 1122 0445 00       		.byte	0
 1123 0446 00       		.byte	0
 1124 0447 02       		.byte	2
 1125 0448 00       		.byte	0
 1126 0449 01       		.byte	1
 1127 044a 01       		.byte	1
 1128 044b 00       		.byte	0
 1129 044c 02       		.byte	2
 1130 044d 10       		.byte	16
 1131 044e 00       		.byte	0
 1132 044f 0C       		.byte	12
 1133 0450 01       		.byte	1
 1134 0451 00       		.byte	0
 1135 0452 00       		.byte	0
 1136 0453 00       		.byte	0
 1137 0454 00       		.byte	0
 1138 0455 18       		.byte	24
 1139 0456 01       		.byte	1
 1140 0457 00       		.byte	0
ARM GAS  C:\Users\nicol\AppData\Local\Temp\ccNG2qht.s 			page 21


 1141 0458 1E       		.byte	30
 1142 0459 18       		.byte	24
 1143 045a 00       		.byte	0
 1144 045b 00       		.byte	0
 1145 045c 10       		.byte	16
 1146 045d 00       		.byte	0
 1147 045e 04       		.byte	4
 1148 045f 00       		.byte	0
 1149 0460 04       		.byte	4
 1150 0461 01       		.byte	1
 1151 0462 18       		.byte	24
 1152 0463 00       		.byte	0
 1153 0464 08       		.byte	8
 1154 0465 08       		.byte	8
 1155 0466 04       		.byte	4
 1156 0467 14       		.byte	20
 1157 0468 00       		.byte	0
 1158 0469 01       		.byte	1
 1159 046a 01       		.byte	1
 1160 046b 00       		.byte	0
 1161 046c 1E       		.byte	30
 1162 046d 00       		.byte	0
 1163 046e 00       		.byte	0
 1164 046f 00       		.byte	0
 1165 0470 01       		.byte	1
 1166 0471 18       		.byte	24
 1167 0472 00       		.byte	0
 1168 0473 01       		.byte	1
 1169 0474 1C       		.byte	28
 1170 0475 00       		.byte	0
 1171 0476 02       		.byte	2
 1172 0477 06       		.byte	6
 1173 0478 00       		.byte	0
 1174 0479 00       		.byte	0
 1175 047a 00       		.byte	0
 1176 047b 00       		.byte	0
 1177 047c 00       		.byte	0
 1178 047d 00       		.byte	0
 1179 047e 01       		.byte	1
 1180 047f 44       		.byte	68
 1181 0480 45       		.byte	69
 1182 0481 06       		.byte	6
 1183 0482 03       		.byte	3
 1184 0483 00       		.byte	0
 1185 0484 01       		.byte	1
 1186 0485 0C       		.byte	12
 1187 0486 00       		.byte	0
 1188 0487 0E       		.byte	14
 1189 0488 11       		.byte	17
 1190 0489 FF       		.byte	-1
 1191 048a FF       		.byte	-1
 1192 048b FF       		.byte	-1
 1193 048c 62       		.byte	98
 1194 048d A0       		.byte	-96
 1195 048e F0       		.byte	-16
 1196 048f 41       		.byte	65
 1197 0490 0C       		.byte	12
ARM GAS  C:\Users\nicol\AppData\Local\Temp\ccNG2qht.s 			page 22


 1198 0491 00       		.byte	0
 1199 0492 00       		.byte	0
 1200 0493 00       		.byte	0
 1201 0494 01       		.byte	1
 1202 0495 00       		.byte	0
 1203 0496 00       		.byte	0
 1204 0497 00       		.byte	0
 1205 0498 04       		.byte	4
 1206 0499 04       		.byte	4
 1207 049a 04       		.byte	4
 1208 049b 04       		.byte	4
 1209 049c 11       		.byte	17
 1210 049d 11       		.byte	17
 1211 049e 00       		.byte	0
 1212 049f 01       		.byte	1
 1213 04a0 00       		.byte	0
 1214 04a1 00       		.byte	0
 1215 04a2 00       		.byte	0
 1216 04a3 00       		.byte	0
 1217 04a4 00       		.byte	0
 1218 04a5 00       		.byte	0
 1219 04a6 40       		.byte	64
 1220 04a7 02       		.byte	2
 1221 04a8 00       		.byte	0
 1222 04a9 10       		.byte	16
 1223 04aa 30       		.byte	48
 1224 04ab 10       		.byte	16
 1225 04ac 00       		.byte	0
 1226 04ad 10       		.byte	16
 1227 04ae 10       		.byte	16
 1228 04af 12       		.byte	18
 1229 04b0 00       		.byte	0
 1230 04b1 00       		.byte	0
 1231 04b2 00       		.byte	0
 1232 04b3 00       		.byte	0
 1233 04b4 00       		.byte	0
 1234 04b5 00       		.byte	0
 1235 04b6 00       		.byte	0
 1236 04b7 00       		.byte	0
 1237 04b8 00       		.byte	0
 1238 04b9 00       		.byte	0
 1239 04ba 00       		.byte	0
 1240 04bb 00       		.byte	0
 1241 04bc 00       		.byte	0
 1242 04bd 00       		.byte	0
 1243 04be 00       		.byte	0
 1244 04bf 00       		.byte	0
 1245 04c0 00       		.byte	0
 1246 04c1 03       		.byte	3
 1247 04c2 03       		.byte	3
 1248 04c3 00       		.byte	0
 1249 04c4 00       		.byte	0
 1250 04c5 00       		.byte	0
 1251 04c6 00       		.byte	0
 1252 04c7 00       		.byte	0
 1253 04c8 83       		.byte	-125
 1254 04c9 00       		.byte	0
ARM GAS  C:\Users\nicol\AppData\Local\Temp\ccNG2qht.s 			page 23


 1255 04ca 40       		.byte	64
 1256 04cb 80       		.byte	-128
 1257 04cc 83       		.byte	-125
 1258 04cd 00       		.byte	0
 1259 04ce 83       		.byte	-125
 1260 04cf 00       		.byte	0
 1261 04d0 00       		.byte	0
 1262 04d1 00       		.byte	0
 1263 04d2 00       		.byte	0
 1264 04d3 00       		.byte	0
 1265 04d4 00       		.byte	0
 1266 04d5 02       		.byte	2
 1267 04d6 02       		.byte	2
 1268 04d7 00       		.byte	0
 1269 04d8 02       		.byte	2
 1270 04d9 00       		.byte	0
 1271 04da 00       		.byte	0
 1272 04db 00       		.byte	0
 1273 04dc 00       		.byte	0
 1274 04dd 0B       		.byte	11
 1275 04de 0B       		.byte	11
 1276 04df 00       		.byte	0
 1277 04e0 00       		.byte	0
 1278 04e1 00       		.byte	0
 1279 04e2 80       		.byte	-128
 1280 04e3 00       		.byte	0
 1281 04e4 04       		.byte	4
 1282 04e5 00       		.byte	0
 1283 04e6 00       		.byte	0
 1284 04e7 06       		.byte	6
 1285 04e8 02       		.byte	2
 1286 04e9 00       		.byte	0
 1287 04ea 02       		.byte	2
 1288 04eb 00       		.byte	0
 1289 04ec 00       		.byte	0
 1290 04ed 00       		.byte	0
 1291 04ee 00       		.byte	0
 1292 04ef 00       		.byte	0
 1293 04f0 07       		.byte	7
 1294 04f1 00       		.byte	0
 1295 04f2 18       		.byte	24
 1296 04f3 01       		.byte	1
 1297              		.section	.cywolatch,"a",%progbits
 1298              		.align	2
 1299              		.type	cy_meta_wonvl, %object
 1300              		.size	cy_meta_wonvl, 4
 1301              	cy_meta_wonvl:
 1302 0000 BC       		.byte	-68
 1303 0001 90       		.byte	-112
 1304 0002 AC       		.byte	-84
 1305 0003 AF       		.byte	-81
 1306              		.section	.cycustnvl,"a",%progbits
 1307              		.align	2
 1308              		.type	cy_meta_custnvl, %object
 1309              		.size	cy_meta_custnvl, 4
 1310              	cy_meta_custnvl:
 1311 0000 00       		.byte	0
ARM GAS  C:\Users\nicol\AppData\Local\Temp\ccNG2qht.s 			page 24


 1312 0001 00       		.byte	0
 1313 0002 40       		.byte	64
 1314 0003 05       		.byte	5
 1315              		.section	.cymeta,"a",%progbits
 1316              		.align	2
 1317              		.type	cy_metadata, %object
 1318              		.size	cy_metadata, 12
 1319              	cy_metadata:
 1320 0000 00       		.byte	0
 1321 0001 01       		.byte	1
 1322 0002 2E       		.byte	46
 1323 0003 16       		.byte	22
 1324 0004 10       		.byte	16
 1325 0005 69       		.byte	105
 1326 0006 00       		.byte	0
 1327 0007 01       		.byte	1
 1328 0008 00       		.byte	0
 1329 0009 00       		.byte	0
 1330 000a 00       		.byte	0
 1331 000b 00       		.byte	0
 1332              		.section	.cyflashprotect,"a",%progbits
 1333              		.align	2
 1334              		.type	cy_meta_flashprotect, %object
 1335              		.size	cy_meta_flashprotect, 256
 1336              	cy_meta_flashprotect:
 1337 0000 00000000 		.space	256
 1337      00000000 
 1337      00000000 
 1337      00000000 
 1337      00000000 
 1338              		.text
 1339              	.Letext0:
 1340              		.file 1 "c:\\program files (x86)\\cypress\\psoc creator\\4.4\\psoc creator\\import\\gnu\\arm\\5.4.
 1341              		.file 2 "c:\\program files (x86)\\cypress\\psoc creator\\4.4\\psoc creator\\import\\gnu\\arm\\5.4.
 1342              		.file 3 "Generated_Source\\PSoC5\\cymetadata.c"
 1343              		.section	.debug_info,"",%progbits
 1344              	.Ldebug_info0:
 1345 0000 32010000 		.4byte	0x132
 1346 0004 0400     		.2byte	0x4
 1347 0006 00000000 		.4byte	.Ldebug_abbrev0
 1348 000a 04       		.byte	0x4
 1349 000b 01       		.uleb128 0x1
 1350 000c 31000000 		.4byte	.LASF17
 1351 0010 0C       		.byte	0xc
 1352 0011 10020000 		.4byte	.LASF18
 1353 0015 06010000 		.4byte	.LASF19
 1354 0019 00000000 		.4byte	.Ldebug_line0
 1355 001d 02       		.uleb128 0x2
 1356 001e 01       		.byte	0x1
 1357 001f 06       		.byte	0x6
 1358 0020 04020000 		.4byte	.LASF0
 1359 0024 03       		.uleb128 0x3
 1360 0025 00000000 		.4byte	.LASF9
 1361 0029 01       		.byte	0x1
 1362 002a 1D       		.byte	0x1d
 1363 002b 2F000000 		.4byte	0x2f
 1364 002f 02       		.uleb128 0x2
ARM GAS  C:\Users\nicol\AppData\Local\Temp\ccNG2qht.s 			page 25


 1365 0030 01       		.byte	0x1
 1366 0031 08       		.byte	0x8
 1367 0032 23000000 		.4byte	.LASF1
 1368 0036 02       		.uleb128 0x2
 1369 0037 02       		.byte	0x2
 1370 0038 05       		.byte	0x5
 1371 0039 F1010000 		.4byte	.LASF2
 1372 003d 02       		.uleb128 0x2
 1373 003e 02       		.byte	0x2
 1374 003f 07       		.byte	0x7
 1375 0040 D1000000 		.4byte	.LASF3
 1376 0044 02       		.uleb128 0x2
 1377 0045 04       		.byte	0x4
 1378 0046 05       		.byte	0x5
 1379 0047 FB010000 		.4byte	.LASF4
 1380 004b 02       		.uleb128 0x2
 1381 004c 04       		.byte	0x4
 1382 004d 07       		.byte	0x7
 1383 004e BF000000 		.4byte	.LASF5
 1384 0052 02       		.uleb128 0x2
 1385 0053 08       		.byte	0x8
 1386 0054 05       		.byte	0x5
 1387 0055 E3010000 		.4byte	.LASF6
 1388 0059 02       		.uleb128 0x2
 1389 005a 08       		.byte	0x8
 1390 005b 07       		.byte	0x7
 1391 005c 98010000 		.4byte	.LASF7
 1392 0060 04       		.uleb128 0x4
 1393 0061 04       		.byte	0x4
 1394 0062 05       		.byte	0x5
 1395 0063 696E7400 		.ascii	"int\000"
 1396 0067 02       		.uleb128 0x2
 1397 0068 04       		.byte	0x4
 1398 0069 07       		.byte	0x7
 1399 006a 0A000000 		.4byte	.LASF8
 1400 006e 03       		.uleb128 0x3
 1401 006f AF010000 		.4byte	.LASF10
 1402 0073 02       		.byte	0x2
 1403 0074 18       		.byte	0x18
 1404 0075 24000000 		.4byte	0x24
 1405 0079 05       		.uleb128 0x5
 1406 007a 91000000 		.4byte	0x91
 1407 007e 8A000000 		.4byte	0x8a
 1408 0082 06       		.uleb128 0x6
 1409 0083 8A000000 		.4byte	0x8a
 1410 0087 F304     		.2byte	0x4f3
 1411 0089 00       		.byte	0
 1412 008a 02       		.uleb128 0x2
 1413 008b 04       		.byte	0x4
 1414 008c 07       		.byte	0x7
 1415 008d DA010000 		.4byte	.LASF11
 1416 0091 07       		.uleb128 0x7
 1417 0092 6E000000 		.4byte	0x6e
 1418 0096 08       		.uleb128 0x8
 1419 0097 F4000000 		.4byte	.LASF12
 1420 009b 03       		.byte	0x3
 1421 009c 1F       		.byte	0x1f
ARM GAS  C:\Users\nicol\AppData\Local\Temp\ccNG2qht.s 			page 26


 1422 009d A7000000 		.4byte	0xa7
 1423 00a1 05       		.uleb128 0x5
 1424 00a2 03       		.byte	0x3
 1425 00a3 00000000 		.4byte	cy_meta_configecc
 1426 00a7 07       		.uleb128 0x7
 1427 00a8 79000000 		.4byte	0x79
 1428 00ac 05       		.uleb128 0x5
 1429 00ad 91000000 		.4byte	0x91
 1430 00b1 BC000000 		.4byte	0xbc
 1431 00b5 09       		.uleb128 0x9
 1432 00b6 8A000000 		.4byte	0x8a
 1433 00ba 03       		.byte	0x3
 1434 00bb 00       		.byte	0
 1435 00bc 08       		.uleb128 0x8
 1436 00bd E4000000 		.4byte	.LASF13
 1437 00c1 03       		.byte	0x3
 1438 00c2 CB       		.byte	0xcb
 1439 00c3 CD000000 		.4byte	0xcd
 1440 00c7 05       		.uleb128 0x5
 1441 00c8 03       		.byte	0x3
 1442 00c9 00000000 		.4byte	cy_meta_custnvl
 1443 00cd 07       		.uleb128 0x7
 1444 00ce AC000000 		.4byte	0xac
 1445 00d2 08       		.uleb128 0x8
 1446 00d3 CC010000 		.4byte	.LASF14
 1447 00d7 03       		.byte	0x3
 1448 00d8 D9       		.byte	0xd9
 1449 00d9 E3000000 		.4byte	0xe3
 1450 00dd 05       		.uleb128 0x5
 1451 00de 03       		.byte	0x3
 1452 00df 00000000 		.4byte	cy_meta_wonvl
 1453 00e3 07       		.uleb128 0x7
 1454 00e4 AC000000 		.4byte	0xac
 1455 00e8 05       		.uleb128 0x5
 1456 00e9 91000000 		.4byte	0x91
 1457 00ed F8000000 		.4byte	0xf8
 1458 00f1 09       		.uleb128 0x9
 1459 00f2 8A000000 		.4byte	0x8a
 1460 00f6 FF       		.byte	0xff
 1461 00f7 00       		.byte	0
 1462 00f8 08       		.uleb128 0x8
 1463 00f9 B7010000 		.4byte	.LASF15
 1464 00fd 03       		.byte	0x3
 1465 00fe E7       		.byte	0xe7
 1466 00ff 09010000 		.4byte	0x109
 1467 0103 05       		.uleb128 0x5
 1468 0104 03       		.byte	0x3
 1469 0105 00000000 		.4byte	cy_meta_flashprotect
 1470 0109 07       		.uleb128 0x7
 1471 010a E8000000 		.4byte	0xe8
 1472 010e 05       		.uleb128 0x5
 1473 010f 91000000 		.4byte	0x91
 1474 0113 1E010000 		.4byte	0x11e
 1475 0117 09       		.uleb128 0x9
 1476 0118 8A000000 		.4byte	0x8a
 1477 011c 0B       		.byte	0xb
 1478 011d 00       		.byte	0
ARM GAS  C:\Users\nicol\AppData\Local\Temp\ccNG2qht.s 			page 27


 1479 011e 0A       		.uleb128 0xa
 1480 011f 17000000 		.4byte	.LASF16
 1481 0123 03       		.byte	0x3
 1482 0124 1401     		.2byte	0x114
 1483 0126 30010000 		.4byte	0x130
 1484 012a 05       		.uleb128 0x5
 1485 012b 03       		.byte	0x3
 1486 012c 00000000 		.4byte	cy_metadata
 1487 0130 07       		.uleb128 0x7
 1488 0131 0E010000 		.4byte	0x10e
 1489 0135 00       		.byte	0
 1490              		.section	.debug_abbrev,"",%progbits
 1491              	.Ldebug_abbrev0:
 1492 0000 01       		.uleb128 0x1
 1493 0001 11       		.uleb128 0x11
 1494 0002 01       		.byte	0x1
 1495 0003 25       		.uleb128 0x25
 1496 0004 0E       		.uleb128 0xe
 1497 0005 13       		.uleb128 0x13
 1498 0006 0B       		.uleb128 0xb
 1499 0007 03       		.uleb128 0x3
 1500 0008 0E       		.uleb128 0xe
 1501 0009 1B       		.uleb128 0x1b
 1502 000a 0E       		.uleb128 0xe
 1503 000b 10       		.uleb128 0x10
 1504 000c 17       		.uleb128 0x17
 1505 000d 00       		.byte	0
 1506 000e 00       		.byte	0
 1507 000f 02       		.uleb128 0x2
 1508 0010 24       		.uleb128 0x24
 1509 0011 00       		.byte	0
 1510 0012 0B       		.uleb128 0xb
 1511 0013 0B       		.uleb128 0xb
 1512 0014 3E       		.uleb128 0x3e
 1513 0015 0B       		.uleb128 0xb
 1514 0016 03       		.uleb128 0x3
 1515 0017 0E       		.uleb128 0xe
 1516 0018 00       		.byte	0
 1517 0019 00       		.byte	0
 1518 001a 03       		.uleb128 0x3
 1519 001b 16       		.uleb128 0x16
 1520 001c 00       		.byte	0
 1521 001d 03       		.uleb128 0x3
 1522 001e 0E       		.uleb128 0xe
 1523 001f 3A       		.uleb128 0x3a
 1524 0020 0B       		.uleb128 0xb
 1525 0021 3B       		.uleb128 0x3b
 1526 0022 0B       		.uleb128 0xb
 1527 0023 49       		.uleb128 0x49
 1528 0024 13       		.uleb128 0x13
 1529 0025 00       		.byte	0
 1530 0026 00       		.byte	0
 1531 0027 04       		.uleb128 0x4
 1532 0028 24       		.uleb128 0x24
 1533 0029 00       		.byte	0
 1534 002a 0B       		.uleb128 0xb
 1535 002b 0B       		.uleb128 0xb
ARM GAS  C:\Users\nicol\AppData\Local\Temp\ccNG2qht.s 			page 28


 1536 002c 3E       		.uleb128 0x3e
 1537 002d 0B       		.uleb128 0xb
 1538 002e 03       		.uleb128 0x3
 1539 002f 08       		.uleb128 0x8
 1540 0030 00       		.byte	0
 1541 0031 00       		.byte	0
 1542 0032 05       		.uleb128 0x5
 1543 0033 01       		.uleb128 0x1
 1544 0034 01       		.byte	0x1
 1545 0035 49       		.uleb128 0x49
 1546 0036 13       		.uleb128 0x13
 1547 0037 01       		.uleb128 0x1
 1548 0038 13       		.uleb128 0x13
 1549 0039 00       		.byte	0
 1550 003a 00       		.byte	0
 1551 003b 06       		.uleb128 0x6
 1552 003c 21       		.uleb128 0x21
 1553 003d 00       		.byte	0
 1554 003e 49       		.uleb128 0x49
 1555 003f 13       		.uleb128 0x13
 1556 0040 2F       		.uleb128 0x2f
 1557 0041 05       		.uleb128 0x5
 1558 0042 00       		.byte	0
 1559 0043 00       		.byte	0
 1560 0044 07       		.uleb128 0x7
 1561 0045 26       		.uleb128 0x26
 1562 0046 00       		.byte	0
 1563 0047 49       		.uleb128 0x49
 1564 0048 13       		.uleb128 0x13
 1565 0049 00       		.byte	0
 1566 004a 00       		.byte	0
 1567 004b 08       		.uleb128 0x8
 1568 004c 34       		.uleb128 0x34
 1569 004d 00       		.byte	0
 1570 004e 03       		.uleb128 0x3
 1571 004f 0E       		.uleb128 0xe
 1572 0050 3A       		.uleb128 0x3a
 1573 0051 0B       		.uleb128 0xb
 1574 0052 3B       		.uleb128 0x3b
 1575 0053 0B       		.uleb128 0xb
 1576 0054 49       		.uleb128 0x49
 1577 0055 13       		.uleb128 0x13
 1578 0056 3F       		.uleb128 0x3f
 1579 0057 19       		.uleb128 0x19
 1580 0058 02       		.uleb128 0x2
 1581 0059 18       		.uleb128 0x18
 1582 005a 00       		.byte	0
 1583 005b 00       		.byte	0
 1584 005c 09       		.uleb128 0x9
 1585 005d 21       		.uleb128 0x21
 1586 005e 00       		.byte	0
 1587 005f 49       		.uleb128 0x49
 1588 0060 13       		.uleb128 0x13
 1589 0061 2F       		.uleb128 0x2f
 1590 0062 0B       		.uleb128 0xb
 1591 0063 00       		.byte	0
 1592 0064 00       		.byte	0
ARM GAS  C:\Users\nicol\AppData\Local\Temp\ccNG2qht.s 			page 29


 1593 0065 0A       		.uleb128 0xa
 1594 0066 34       		.uleb128 0x34
 1595 0067 00       		.byte	0
 1596 0068 03       		.uleb128 0x3
 1597 0069 0E       		.uleb128 0xe
 1598 006a 3A       		.uleb128 0x3a
 1599 006b 0B       		.uleb128 0xb
 1600 006c 3B       		.uleb128 0x3b
 1601 006d 05       		.uleb128 0x5
 1602 006e 49       		.uleb128 0x49
 1603 006f 13       		.uleb128 0x13
 1604 0070 3F       		.uleb128 0x3f
 1605 0071 19       		.uleb128 0x19
 1606 0072 02       		.uleb128 0x2
 1607 0073 18       		.uleb128 0x18
 1608 0074 00       		.byte	0
 1609 0075 00       		.byte	0
 1610 0076 00       		.byte	0
 1611              		.section	.debug_aranges,"",%progbits
 1612 0000 14000000 		.4byte	0x14
 1613 0004 0200     		.2byte	0x2
 1614 0006 00000000 		.4byte	.Ldebug_info0
 1615 000a 04       		.byte	0x4
 1616 000b 00       		.byte	0
 1617 000c 0000     		.2byte	0
 1618 000e 0000     		.2byte	0
 1619 0010 00000000 		.4byte	0
 1620 0014 00000000 		.4byte	0
 1621              		.section	.debug_line,"",%progbits
 1622              	.Ldebug_line0:
 1623 0000 3D010000 		.section	.debug_str,"MS",%progbits,1
 1623      02003701 
 1623      00000201 
 1623      FB0E0D00 
 1623      01010101 
 1624              	.LASF9:
 1625 0000 5F5F7569 		.ascii	"__uint8_t\000"
 1625      6E74385F 
 1625      7400
 1626              	.LASF8:
 1627 000a 756E7369 		.ascii	"unsigned int\000"
 1627      676E6564 
 1627      20696E74 
 1627      00
 1628              	.LASF16:
 1629 0017 63795F6D 		.ascii	"cy_metadata\000"
 1629      65746164 
 1629      61746100 
 1630              	.LASF1:
 1631 0023 756E7369 		.ascii	"unsigned char\000"
 1631      676E6564 
 1631      20636861 
 1631      7200
 1632              	.LASF17:
 1633 0031 474E5520 		.ascii	"GNU C11 5.4.1 20160609 (release) [ARM/embedded-5-br"
 1633      43313120 
 1633      352E342E 
ARM GAS  C:\Users\nicol\AppData\Local\Temp\ccNG2qht.s 			page 30


 1633      31203230 
 1633      31363036 
 1634 0064 616E6368 		.ascii	"anch revision 237715] -mcpu=cortex-m3 -mthumb -g -O"
 1634      20726576 
 1634      6973696F 
 1634      6E203233 
 1634      37373135 
 1635 0097 67202D66 		.ascii	"g -ffunction-sections -ffat-lto-objects\000"
 1635      66756E63 
 1635      74696F6E 
 1635      2D736563 
 1635      74696F6E 
 1636              	.LASF5:
 1637 00bf 6C6F6E67 		.ascii	"long unsigned int\000"
 1637      20756E73 
 1637      69676E65 
 1637      6420696E 
 1637      7400
 1638              	.LASF3:
 1639 00d1 73686F72 		.ascii	"short unsigned int\000"
 1639      7420756E 
 1639      7369676E 
 1639      65642069 
 1639      6E7400
 1640              	.LASF13:
 1641 00e4 63795F6D 		.ascii	"cy_meta_custnvl\000"
 1641      6574615F 
 1641      63757374 
 1641      6E766C00 
 1642              	.LASF12:
 1643 00f4 63795F6D 		.ascii	"cy_meta_configecc\000"
 1643      6574615F 
 1643      636F6E66 
 1643      69676563 
 1643      6300
 1644              	.LASF19:
 1645 0106 433A5C55 		.ascii	"C:\\Users\\nicol\\Documents\\PSoC Creator\\CE195277"
 1645      73657273 
 1645      5C6E6963 
 1645      6F6C5C44 
 1645      6F63756D 
 1646 0134 5F414443 		.ascii	"_ADC_and_UART\\CE195352_PSoC_5LP_Blinking_LED\\CE19"
 1646      5F616E64 
 1646      5F554152 
 1646      545C4345 
 1646      31393533 
 1647 0165 35333532 		.ascii	"5352_PSoC_5LP_Blinking_LED\\LED_TEST\\Design01.cyds"
 1647      5F50536F 
 1647      435F354C 
 1647      505F426C 
 1647      696E6B69 
 1648 0196 6E00     		.ascii	"n\000"
 1649              	.LASF7:
 1650 0198 6C6F6E67 		.ascii	"long long unsigned int\000"
 1650      206C6F6E 
 1650      6720756E 
 1650      7369676E 
ARM GAS  C:\Users\nicol\AppData\Local\Temp\ccNG2qht.s 			page 31


 1650      65642069 
 1651              	.LASF10:
 1652 01af 75696E74 		.ascii	"uint8_t\000"
 1652      385F7400 
 1653              	.LASF15:
 1654 01b7 63795F6D 		.ascii	"cy_meta_flashprotect\000"
 1654      6574615F 
 1654      666C6173 
 1654      6870726F 
 1654      74656374 
 1655              	.LASF14:
 1656 01cc 63795F6D 		.ascii	"cy_meta_wonvl\000"
 1656      6574615F 
 1656      776F6E76 
 1656      6C00
 1657              	.LASF11:
 1658 01da 73697A65 		.ascii	"sizetype\000"
 1658      74797065 
 1658      00
 1659              	.LASF6:
 1660 01e3 6C6F6E67 		.ascii	"long long int\000"
 1660      206C6F6E 
 1660      6720696E 
 1660      7400
 1661              	.LASF2:
 1662 01f1 73686F72 		.ascii	"short int\000"
 1662      7420696E 
 1662      7400
 1663              	.LASF4:
 1664 01fb 6C6F6E67 		.ascii	"long int\000"
 1664      20696E74 
 1664      00
 1665              	.LASF0:
 1666 0204 7369676E 		.ascii	"signed char\000"
 1666      65642063 
 1666      68617200 
 1667              	.LASF18:
 1668 0210 47656E65 		.ascii	"Generated_Source\\PSoC5\\cymetadata.c\000"
 1668      72617465 
 1668      645F536F 
 1668      75726365 
 1668      5C50536F 
 1669              		.ident	"GCC: (GNU Tools for ARM Embedded Processors) 5.4.1 20160609 (release) [ARM/embedded-5-bran
