ARM GAS  C:\Users\nicol\AppData\Local\Temp\ccI4t6Tm.s 			page 1


   1              		.syntax unified
   2              		.cpu cortex-m3
   3              		.fpu softvfp
   4              		.eabi_attribute 20, 1
   5              		.eabi_attribute 21, 1
   6              		.eabi_attribute 23, 3
   7              		.eabi_attribute 24, 1
   8              		.eabi_attribute 25, 1
   9              		.eabi_attribute 26, 1
  10              		.eabi_attribute 30, 1
  11              		.eabi_attribute 34, 1
  12              		.eabi_attribute 18, 4
  13              		.thumb
  14              		.syntax unified
  15              		.file	"font.c"
  16              		.text
  17              	.Ltext0:
  18              		.cfi_sections	.debug_frame
  19              	.Letext0:
  20              		.file 1 "font.c"
  21              		.section	.debug_info,"",%progbits
  22              	.Ldebug_info0:
  23 0000 4B050000 		.4byte	0x54b
  24 0004 0400     		.2byte	0x4
  25 0006 00000000 		.4byte	.Ldebug_abbrev0
  26 000a 04       		.byte	0x4
  27 000b 01       		.uleb128 0x1
  28 000c 1C000000 		.4byte	.LASF2
  29 0010 0C       		.byte	0xc
  30 0011 3C010000 		.4byte	.LASF3
  31 0015 AA000000 		.4byte	.LASF4
  32 0019 00000000 		.4byte	.Ldebug_line0
  33 001d 02       		.uleb128 0x2
  34 001e 3C000000 		.4byte	0x3c
  35 0022 2E000000 		.4byte	0x2e
  36 0026 03       		.uleb128 0x3
  37 0027 2E000000 		.4byte	0x2e
  38 002b FA04     		.2byte	0x4fa
  39 002d 00       		.byte	0
  40 002e 04       		.uleb128 0x4
  41 002f 04       		.byte	0x4
  42 0030 07       		.byte	0x7
  43 0031 0E000000 		.4byte	.LASF0
  44 0035 04       		.uleb128 0x4
  45 0036 01       		.byte	0x1
  46 0037 08       		.byte	0x8
  47 0038 00000000 		.4byte	.LASF1
  48 003c 05       		.uleb128 0x5
  49 003d 35000000 		.4byte	0x35
  50 0041 06       		.uleb128 0x6
  51 0042 17000000 		.4byte	.LASF5
  52 0046 01       		.byte	0x1
  53 0047 05       		.byte	0x5
  54 0048 49050000 		.4byte	0x549
  55 004c FB04     		.2byte	0x4fb
  56 004e 00       		.byte	0
  57 004f 00       		.byte	0
ARM GAS  C:\Users\nicol\AppData\Local\Temp\ccI4t6Tm.s 			page 2


  58 0050 00       		.byte	0
  59 0051 00       		.byte	0
  60 0052 00       		.byte	0
  61 0053 3E       		.byte	0x3e
  62 0054 5B       		.byte	0x5b
  63 0055 4F       		.byte	0x4f
  64 0056 5B       		.byte	0x5b
  65 0057 3E       		.byte	0x3e
  66 0058 3E       		.byte	0x3e
  67 0059 6B       		.byte	0x6b
  68 005a 4F       		.byte	0x4f
  69 005b 6B       		.byte	0x6b
  70 005c 3E       		.byte	0x3e
  71 005d 1C       		.byte	0x1c
  72 005e 3E       		.byte	0x3e
  73 005f 7C       		.byte	0x7c
  74 0060 3E       		.byte	0x3e
  75 0061 1C       		.byte	0x1c
  76 0062 18       		.byte	0x18
  77 0063 3C       		.byte	0x3c
  78 0064 7E       		.byte	0x7e
  79 0065 3C       		.byte	0x3c
  80 0066 18       		.byte	0x18
  81 0067 1C       		.byte	0x1c
  82 0068 57       		.byte	0x57
  83 0069 7D       		.byte	0x7d
  84 006a 57       		.byte	0x57
  85 006b 1C       		.byte	0x1c
  86 006c 1C       		.byte	0x1c
  87 006d 5E       		.byte	0x5e
  88 006e 7F       		.byte	0x7f
  89 006f 5E       		.byte	0x5e
  90 0070 1C       		.byte	0x1c
  91 0071 00       		.byte	0
  92 0072 18       		.byte	0x18
  93 0073 3C       		.byte	0x3c
  94 0074 18       		.byte	0x18
  95 0075 00       		.byte	0
  96 0076 FF       		.byte	0xff
  97 0077 E7       		.byte	0xe7
  98 0078 C3       		.byte	0xc3
  99 0079 E7       		.byte	0xe7
 100 007a FF       		.byte	0xff
 101 007b 00       		.byte	0
 102 007c 18       		.byte	0x18
 103 007d 24       		.byte	0x24
 104 007e 18       		.byte	0x18
 105 007f 00       		.byte	0
 106 0080 FF       		.byte	0xff
 107 0081 E7       		.byte	0xe7
 108 0082 DB       		.byte	0xdb
 109 0083 E7       		.byte	0xe7
 110 0084 FF       		.byte	0xff
 111 0085 30       		.byte	0x30
 112 0086 48       		.byte	0x48
 113 0087 3A       		.byte	0x3a
 114 0088 06       		.byte	0x6
ARM GAS  C:\Users\nicol\AppData\Local\Temp\ccI4t6Tm.s 			page 3


 115 0089 0E       		.byte	0xe
 116 008a 26       		.byte	0x26
 117 008b 29       		.byte	0x29
 118 008c 79       		.byte	0x79
 119 008d 29       		.byte	0x29
 120 008e 26       		.byte	0x26
 121 008f 40       		.byte	0x40
 122 0090 7F       		.byte	0x7f
 123 0091 05       		.byte	0x5
 124 0092 05       		.byte	0x5
 125 0093 07       		.byte	0x7
 126 0094 40       		.byte	0x40
 127 0095 7F       		.byte	0x7f
 128 0096 05       		.byte	0x5
 129 0097 25       		.byte	0x25
 130 0098 3F       		.byte	0x3f
 131 0099 5A       		.byte	0x5a
 132 009a 3C       		.byte	0x3c
 133 009b E7       		.byte	0xe7
 134 009c 3C       		.byte	0x3c
 135 009d 5A       		.byte	0x5a
 136 009e 7F       		.byte	0x7f
 137 009f 3E       		.byte	0x3e
 138 00a0 1C       		.byte	0x1c
 139 00a1 1C       		.byte	0x1c
 140 00a2 08       		.byte	0x8
 141 00a3 08       		.byte	0x8
 142 00a4 1C       		.byte	0x1c
 143 00a5 1C       		.byte	0x1c
 144 00a6 3E       		.byte	0x3e
 145 00a7 7F       		.byte	0x7f
 146 00a8 14       		.byte	0x14
 147 00a9 22       		.byte	0x22
 148 00aa 7F       		.byte	0x7f
 149 00ab 22       		.byte	0x22
 150 00ac 14       		.byte	0x14
 151 00ad 5F       		.byte	0x5f
 152 00ae 5F       		.byte	0x5f
 153 00af 00       		.byte	0
 154 00b0 5F       		.byte	0x5f
 155 00b1 5F       		.byte	0x5f
 156 00b2 06       		.byte	0x6
 157 00b3 09       		.byte	0x9
 158 00b4 7F       		.byte	0x7f
 159 00b5 01       		.byte	0x1
 160 00b6 7F       		.byte	0x7f
 161 00b7 00       		.byte	0
 162 00b8 66       		.byte	0x66
 163 00b9 89       		.byte	0x89
 164 00ba 95       		.byte	0x95
 165 00bb 6A       		.byte	0x6a
 166 00bc 60       		.byte	0x60
 167 00bd 60       		.byte	0x60
 168 00be 60       		.byte	0x60
 169 00bf 60       		.byte	0x60
 170 00c0 60       		.byte	0x60
 171 00c1 94       		.byte	0x94
ARM GAS  C:\Users\nicol\AppData\Local\Temp\ccI4t6Tm.s 			page 4


 172 00c2 A2       		.byte	0xa2
 173 00c3 FF       		.byte	0xff
 174 00c4 A2       		.byte	0xa2
 175 00c5 94       		.byte	0x94
 176 00c6 08       		.byte	0x8
 177 00c7 04       		.byte	0x4
 178 00c8 7E       		.byte	0x7e
 179 00c9 04       		.byte	0x4
 180 00ca 08       		.byte	0x8
 181 00cb 10       		.byte	0x10
 182 00cc 20       		.byte	0x20
 183 00cd 7E       		.byte	0x7e
 184 00ce 20       		.byte	0x20
 185 00cf 10       		.byte	0x10
 186 00d0 08       		.byte	0x8
 187 00d1 08       		.byte	0x8
 188 00d2 2A       		.byte	0x2a
 189 00d3 1C       		.byte	0x1c
 190 00d4 08       		.byte	0x8
 191 00d5 08       		.byte	0x8
 192 00d6 1C       		.byte	0x1c
 193 00d7 2A       		.byte	0x2a
 194 00d8 08       		.byte	0x8
 195 00d9 08       		.byte	0x8
 196 00da 1E       		.byte	0x1e
 197 00db 10       		.byte	0x10
 198 00dc 10       		.byte	0x10
 199 00dd 10       		.byte	0x10
 200 00de 10       		.byte	0x10
 201 00df 0C       		.byte	0xc
 202 00e0 1E       		.byte	0x1e
 203 00e1 0C       		.byte	0xc
 204 00e2 1E       		.byte	0x1e
 205 00e3 0C       		.byte	0xc
 206 00e4 30       		.byte	0x30
 207 00e5 38       		.byte	0x38
 208 00e6 3E       		.byte	0x3e
 209 00e7 38       		.byte	0x38
 210 00e8 30       		.byte	0x30
 211 00e9 06       		.byte	0x6
 212 00ea 0E       		.byte	0xe
 213 00eb 3E       		.byte	0x3e
 214 00ec 0E       		.byte	0xe
 215 00ed 06       		.byte	0x6
 216 00ee 00       		.byte	0
 217 00ef 00       		.byte	0
 218 00f0 00       		.byte	0
 219 00f1 00       		.byte	0
 220 00f2 00       		.byte	0
 221 00f3 00       		.byte	0
 222 00f4 00       		.byte	0
 223 00f5 5F       		.byte	0x5f
 224 00f6 00       		.byte	0
 225 00f7 00       		.byte	0
 226 00f8 00       		.byte	0
 227 00f9 07       		.byte	0x7
 228 00fa 00       		.byte	0
ARM GAS  C:\Users\nicol\AppData\Local\Temp\ccI4t6Tm.s 			page 5


 229 00fb 07       		.byte	0x7
 230 00fc 00       		.byte	0
 231 00fd 14       		.byte	0x14
 232 00fe 7F       		.byte	0x7f
 233 00ff 14       		.byte	0x14
 234 0100 7F       		.byte	0x7f
 235 0101 14       		.byte	0x14
 236 0102 24       		.byte	0x24
 237 0103 2A       		.byte	0x2a
 238 0104 7F       		.byte	0x7f
 239 0105 2A       		.byte	0x2a
 240 0106 12       		.byte	0x12
 241 0107 23       		.byte	0x23
 242 0108 13       		.byte	0x13
 243 0109 08       		.byte	0x8
 244 010a 64       		.byte	0x64
 245 010b 62       		.byte	0x62
 246 010c 36       		.byte	0x36
 247 010d 49       		.byte	0x49
 248 010e 56       		.byte	0x56
 249 010f 20       		.byte	0x20
 250 0110 50       		.byte	0x50
 251 0111 00       		.byte	0
 252 0112 08       		.byte	0x8
 253 0113 07       		.byte	0x7
 254 0114 03       		.byte	0x3
 255 0115 00       		.byte	0
 256 0116 00       		.byte	0
 257 0117 1C       		.byte	0x1c
 258 0118 22       		.byte	0x22
 259 0119 41       		.byte	0x41
 260 011a 00       		.byte	0
 261 011b 00       		.byte	0
 262 011c 41       		.byte	0x41
 263 011d 22       		.byte	0x22
 264 011e 1C       		.byte	0x1c
 265 011f 00       		.byte	0
 266 0120 2A       		.byte	0x2a
 267 0121 1C       		.byte	0x1c
 268 0122 7F       		.byte	0x7f
 269 0123 1C       		.byte	0x1c
 270 0124 2A       		.byte	0x2a
 271 0125 08       		.byte	0x8
 272 0126 08       		.byte	0x8
 273 0127 3E       		.byte	0x3e
 274 0128 08       		.byte	0x8
 275 0129 08       		.byte	0x8
 276 012a 00       		.byte	0
 277 012b 80       		.byte	0x80
 278 012c 70       		.byte	0x70
 279 012d 30       		.byte	0x30
 280 012e 00       		.byte	0
 281 012f 08       		.byte	0x8
 282 0130 08       		.byte	0x8
 283 0131 08       		.byte	0x8
 284 0132 08       		.byte	0x8
 285 0133 08       		.byte	0x8
ARM GAS  C:\Users\nicol\AppData\Local\Temp\ccI4t6Tm.s 			page 6


 286 0134 00       		.byte	0
 287 0135 00       		.byte	0
 288 0136 60       		.byte	0x60
 289 0137 60       		.byte	0x60
 290 0138 00       		.byte	0
 291 0139 20       		.byte	0x20
 292 013a 10       		.byte	0x10
 293 013b 08       		.byte	0x8
 294 013c 04       		.byte	0x4
 295 013d 02       		.byte	0x2
 296 013e 3E       		.byte	0x3e
 297 013f 51       		.byte	0x51
 298 0140 49       		.byte	0x49
 299 0141 45       		.byte	0x45
 300 0142 3E       		.byte	0x3e
 301 0143 00       		.byte	0
 302 0144 42       		.byte	0x42
 303 0145 7F       		.byte	0x7f
 304 0146 40       		.byte	0x40
 305 0147 00       		.byte	0
 306 0148 72       		.byte	0x72
 307 0149 49       		.byte	0x49
 308 014a 49       		.byte	0x49
 309 014b 49       		.byte	0x49
 310 014c 46       		.byte	0x46
 311 014d 21       		.byte	0x21
 312 014e 41       		.byte	0x41
 313 014f 49       		.byte	0x49
 314 0150 4D       		.byte	0x4d
 315 0151 33       		.byte	0x33
 316 0152 18       		.byte	0x18
 317 0153 14       		.byte	0x14
 318 0154 12       		.byte	0x12
 319 0155 7F       		.byte	0x7f
 320 0156 10       		.byte	0x10
 321 0157 27       		.byte	0x27
 322 0158 45       		.byte	0x45
 323 0159 45       		.byte	0x45
 324 015a 45       		.byte	0x45
 325 015b 39       		.byte	0x39
 326 015c 3C       		.byte	0x3c
 327 015d 4A       		.byte	0x4a
 328 015e 49       		.byte	0x49
 329 015f 49       		.byte	0x49
 330 0160 31       		.byte	0x31
 331 0161 41       		.byte	0x41
 332 0162 21       		.byte	0x21
 333 0163 11       		.byte	0x11
 334 0164 09       		.byte	0x9
 335 0165 07       		.byte	0x7
 336 0166 36       		.byte	0x36
 337 0167 49       		.byte	0x49
 338 0168 49       		.byte	0x49
 339 0169 49       		.byte	0x49
 340 016a 36       		.byte	0x36
 341 016b 46       		.byte	0x46
 342 016c 49       		.byte	0x49
ARM GAS  C:\Users\nicol\AppData\Local\Temp\ccI4t6Tm.s 			page 7


 343 016d 49       		.byte	0x49
 344 016e 29       		.byte	0x29
 345 016f 1E       		.byte	0x1e
 346 0170 00       		.byte	0
 347 0171 00       		.byte	0
 348 0172 14       		.byte	0x14
 349 0173 00       		.byte	0
 350 0174 00       		.byte	0
 351 0175 00       		.byte	0
 352 0176 40       		.byte	0x40
 353 0177 34       		.byte	0x34
 354 0178 00       		.byte	0
 355 0179 00       		.byte	0
 356 017a 00       		.byte	0
 357 017b 08       		.byte	0x8
 358 017c 14       		.byte	0x14
 359 017d 22       		.byte	0x22
 360 017e 41       		.byte	0x41
 361 017f 14       		.byte	0x14
 362 0180 14       		.byte	0x14
 363 0181 14       		.byte	0x14
 364 0182 14       		.byte	0x14
 365 0183 14       		.byte	0x14
 366 0184 00       		.byte	0
 367 0185 41       		.byte	0x41
 368 0186 22       		.byte	0x22
 369 0187 14       		.byte	0x14
 370 0188 08       		.byte	0x8
 371 0189 02       		.byte	0x2
 372 018a 01       		.byte	0x1
 373 018b 59       		.byte	0x59
 374 018c 09       		.byte	0x9
 375 018d 06       		.byte	0x6
 376 018e 3E       		.byte	0x3e
 377 018f 41       		.byte	0x41
 378 0190 5D       		.byte	0x5d
 379 0191 59       		.byte	0x59
 380 0192 4E       		.byte	0x4e
 381 0193 7C       		.byte	0x7c
 382 0194 12       		.byte	0x12
 383 0195 11       		.byte	0x11
 384 0196 12       		.byte	0x12
 385 0197 7C       		.byte	0x7c
 386 0198 7F       		.byte	0x7f
 387 0199 49       		.byte	0x49
 388 019a 49       		.byte	0x49
 389 019b 49       		.byte	0x49
 390 019c 36       		.byte	0x36
 391 019d 3E       		.byte	0x3e
 392 019e 41       		.byte	0x41
 393 019f 41       		.byte	0x41
 394 01a0 41       		.byte	0x41
 395 01a1 22       		.byte	0x22
 396 01a2 7F       		.byte	0x7f
 397 01a3 41       		.byte	0x41
 398 01a4 41       		.byte	0x41
 399 01a5 41       		.byte	0x41
ARM GAS  C:\Users\nicol\AppData\Local\Temp\ccI4t6Tm.s 			page 8


 400 01a6 3E       		.byte	0x3e
 401 01a7 7F       		.byte	0x7f
 402 01a8 49       		.byte	0x49
 403 01a9 49       		.byte	0x49
 404 01aa 49       		.byte	0x49
 405 01ab 41       		.byte	0x41
 406 01ac 7F       		.byte	0x7f
 407 01ad 09       		.byte	0x9
 408 01ae 09       		.byte	0x9
 409 01af 09       		.byte	0x9
 410 01b0 01       		.byte	0x1
 411 01b1 3E       		.byte	0x3e
 412 01b2 41       		.byte	0x41
 413 01b3 41       		.byte	0x41
 414 01b4 51       		.byte	0x51
 415 01b5 73       		.byte	0x73
 416 01b6 7F       		.byte	0x7f
 417 01b7 08       		.byte	0x8
 418 01b8 08       		.byte	0x8
 419 01b9 08       		.byte	0x8
 420 01ba 7F       		.byte	0x7f
 421 01bb 00       		.byte	0
 422 01bc 41       		.byte	0x41
 423 01bd 7F       		.byte	0x7f
 424 01be 41       		.byte	0x41
 425 01bf 00       		.byte	0
 426 01c0 20       		.byte	0x20
 427 01c1 40       		.byte	0x40
 428 01c2 41       		.byte	0x41
 429 01c3 3F       		.byte	0x3f
 430 01c4 01       		.byte	0x1
 431 01c5 7F       		.byte	0x7f
 432 01c6 08       		.byte	0x8
 433 01c7 14       		.byte	0x14
 434 01c8 22       		.byte	0x22
 435 01c9 41       		.byte	0x41
 436 01ca 7F       		.byte	0x7f
 437 01cb 40       		.byte	0x40
 438 01cc 40       		.byte	0x40
 439 01cd 40       		.byte	0x40
 440 01ce 40       		.byte	0x40
 441 01cf 7F       		.byte	0x7f
 442 01d0 02       		.byte	0x2
 443 01d1 1C       		.byte	0x1c
 444 01d2 02       		.byte	0x2
 445 01d3 7F       		.byte	0x7f
 446 01d4 7F       		.byte	0x7f
 447 01d5 04       		.byte	0x4
 448 01d6 08       		.byte	0x8
 449 01d7 10       		.byte	0x10
 450 01d8 7F       		.byte	0x7f
 451 01d9 3E       		.byte	0x3e
 452 01da 41       		.byte	0x41
 453 01db 41       		.byte	0x41
 454 01dc 41       		.byte	0x41
 455 01dd 3E       		.byte	0x3e
 456 01de 7F       		.byte	0x7f
ARM GAS  C:\Users\nicol\AppData\Local\Temp\ccI4t6Tm.s 			page 9


 457 01df 09       		.byte	0x9
 458 01e0 09       		.byte	0x9
 459 01e1 09       		.byte	0x9
 460 01e2 06       		.byte	0x6
 461 01e3 3E       		.byte	0x3e
 462 01e4 41       		.byte	0x41
 463 01e5 51       		.byte	0x51
 464 01e6 21       		.byte	0x21
 465 01e7 5E       		.byte	0x5e
 466 01e8 7F       		.byte	0x7f
 467 01e9 09       		.byte	0x9
 468 01ea 19       		.byte	0x19
 469 01eb 29       		.byte	0x29
 470 01ec 46       		.byte	0x46
 471 01ed 26       		.byte	0x26
 472 01ee 49       		.byte	0x49
 473 01ef 49       		.byte	0x49
 474 01f0 49       		.byte	0x49
 475 01f1 32       		.byte	0x32
 476 01f2 03       		.byte	0x3
 477 01f3 01       		.byte	0x1
 478 01f4 7F       		.byte	0x7f
 479 01f5 01       		.byte	0x1
 480 01f6 03       		.byte	0x3
 481 01f7 3F       		.byte	0x3f
 482 01f8 40       		.byte	0x40
 483 01f9 40       		.byte	0x40
 484 01fa 40       		.byte	0x40
 485 01fb 3F       		.byte	0x3f
 486 01fc 1F       		.byte	0x1f
 487 01fd 20       		.byte	0x20
 488 01fe 40       		.byte	0x40
 489 01ff 20       		.byte	0x20
 490 0200 1F       		.byte	0x1f
 491 0201 3F       		.byte	0x3f
 492 0202 40       		.byte	0x40
 493 0203 38       		.byte	0x38
 494 0204 40       		.byte	0x40
 495 0205 3F       		.byte	0x3f
 496 0206 63       		.byte	0x63
 497 0207 14       		.byte	0x14
 498 0208 08       		.byte	0x8
 499 0209 14       		.byte	0x14
 500 020a 63       		.byte	0x63
 501 020b 03       		.byte	0x3
 502 020c 04       		.byte	0x4
 503 020d 78       		.byte	0x78
 504 020e 04       		.byte	0x4
 505 020f 03       		.byte	0x3
 506 0210 61       		.byte	0x61
 507 0211 59       		.byte	0x59
 508 0212 49       		.byte	0x49
 509 0213 4D       		.byte	0x4d
 510 0214 43       		.byte	0x43
 511 0215 00       		.byte	0
 512 0216 7F       		.byte	0x7f
 513 0217 41       		.byte	0x41
ARM GAS  C:\Users\nicol\AppData\Local\Temp\ccI4t6Tm.s 			page 10


 514 0218 41       		.byte	0x41
 515 0219 41       		.byte	0x41
 516 021a 02       		.byte	0x2
 517 021b 04       		.byte	0x4
 518 021c 08       		.byte	0x8
 519 021d 10       		.byte	0x10
 520 021e 20       		.byte	0x20
 521 021f 00       		.byte	0
 522 0220 41       		.byte	0x41
 523 0221 41       		.byte	0x41
 524 0222 41       		.byte	0x41
 525 0223 7F       		.byte	0x7f
 526 0224 04       		.byte	0x4
 527 0225 02       		.byte	0x2
 528 0226 01       		.byte	0x1
 529 0227 02       		.byte	0x2
 530 0228 04       		.byte	0x4
 531 0229 40       		.byte	0x40
 532 022a 40       		.byte	0x40
 533 022b 40       		.byte	0x40
 534 022c 40       		.byte	0x40
 535 022d 40       		.byte	0x40
 536 022e 00       		.byte	0
 537 022f 03       		.byte	0x3
 538 0230 07       		.byte	0x7
 539 0231 08       		.byte	0x8
 540 0232 00       		.byte	0
 541 0233 20       		.byte	0x20
 542 0234 54       		.byte	0x54
 543 0235 54       		.byte	0x54
 544 0236 78       		.byte	0x78
 545 0237 40       		.byte	0x40
 546 0238 7F       		.byte	0x7f
 547 0239 28       		.byte	0x28
 548 023a 44       		.byte	0x44
 549 023b 44       		.byte	0x44
 550 023c 38       		.byte	0x38
 551 023d 38       		.byte	0x38
 552 023e 44       		.byte	0x44
 553 023f 44       		.byte	0x44
 554 0240 44       		.byte	0x44
 555 0241 28       		.byte	0x28
 556 0242 38       		.byte	0x38
 557 0243 44       		.byte	0x44
 558 0244 44       		.byte	0x44
 559 0245 28       		.byte	0x28
 560 0246 7F       		.byte	0x7f
 561 0247 38       		.byte	0x38
 562 0248 54       		.byte	0x54
 563 0249 54       		.byte	0x54
 564 024a 54       		.byte	0x54
 565 024b 18       		.byte	0x18
 566 024c 00       		.byte	0
 567 024d 08       		.byte	0x8
 568 024e 7E       		.byte	0x7e
 569 024f 09       		.byte	0x9
 570 0250 02       		.byte	0x2
ARM GAS  C:\Users\nicol\AppData\Local\Temp\ccI4t6Tm.s 			page 11


 571 0251 18       		.byte	0x18
 572 0252 A4       		.byte	0xa4
 573 0253 A4       		.byte	0xa4
 574 0254 9C       		.byte	0x9c
 575 0255 78       		.byte	0x78
 576 0256 7F       		.byte	0x7f
 577 0257 08       		.byte	0x8
 578 0258 04       		.byte	0x4
 579 0259 04       		.byte	0x4
 580 025a 78       		.byte	0x78
 581 025b 00       		.byte	0
 582 025c 44       		.byte	0x44
 583 025d 7D       		.byte	0x7d
 584 025e 40       		.byte	0x40
 585 025f 00       		.byte	0
 586 0260 20       		.byte	0x20
 587 0261 40       		.byte	0x40
 588 0262 40       		.byte	0x40
 589 0263 3D       		.byte	0x3d
 590 0264 00       		.byte	0
 591 0265 7F       		.byte	0x7f
 592 0266 10       		.byte	0x10
 593 0267 28       		.byte	0x28
 594 0268 44       		.byte	0x44
 595 0269 00       		.byte	0
 596 026a 00       		.byte	0
 597 026b 41       		.byte	0x41
 598 026c 7F       		.byte	0x7f
 599 026d 40       		.byte	0x40
 600 026e 00       		.byte	0
 601 026f 7C       		.byte	0x7c
 602 0270 04       		.byte	0x4
 603 0271 78       		.byte	0x78
 604 0272 04       		.byte	0x4
 605 0273 78       		.byte	0x78
 606 0274 7C       		.byte	0x7c
 607 0275 08       		.byte	0x8
 608 0276 04       		.byte	0x4
 609 0277 04       		.byte	0x4
 610 0278 78       		.byte	0x78
 611 0279 38       		.byte	0x38
 612 027a 44       		.byte	0x44
 613 027b 44       		.byte	0x44
 614 027c 44       		.byte	0x44
 615 027d 38       		.byte	0x38
 616 027e FC       		.byte	0xfc
 617 027f 18       		.byte	0x18
 618 0280 24       		.byte	0x24
 619 0281 24       		.byte	0x24
 620 0282 18       		.byte	0x18
 621 0283 18       		.byte	0x18
 622 0284 24       		.byte	0x24
 623 0285 24       		.byte	0x24
 624 0286 18       		.byte	0x18
 625 0287 FC       		.byte	0xfc
 626 0288 7C       		.byte	0x7c
 627 0289 08       		.byte	0x8
ARM GAS  C:\Users\nicol\AppData\Local\Temp\ccI4t6Tm.s 			page 12


 628 028a 04       		.byte	0x4
 629 028b 04       		.byte	0x4
 630 028c 08       		.byte	0x8
 631 028d 48       		.byte	0x48
 632 028e 54       		.byte	0x54
 633 028f 54       		.byte	0x54
 634 0290 54       		.byte	0x54
 635 0291 24       		.byte	0x24
 636 0292 04       		.byte	0x4
 637 0293 04       		.byte	0x4
 638 0294 3F       		.byte	0x3f
 639 0295 44       		.byte	0x44
 640 0296 24       		.byte	0x24
 641 0297 3C       		.byte	0x3c
 642 0298 40       		.byte	0x40
 643 0299 40       		.byte	0x40
 644 029a 20       		.byte	0x20
 645 029b 7C       		.byte	0x7c
 646 029c 1C       		.byte	0x1c
 647 029d 20       		.byte	0x20
 648 029e 40       		.byte	0x40
 649 029f 20       		.byte	0x20
 650 02a0 1C       		.byte	0x1c
 651 02a1 3C       		.byte	0x3c
 652 02a2 40       		.byte	0x40
 653 02a3 30       		.byte	0x30
 654 02a4 40       		.byte	0x40
 655 02a5 3C       		.byte	0x3c
 656 02a6 44       		.byte	0x44
 657 02a7 28       		.byte	0x28
 658 02a8 10       		.byte	0x10
 659 02a9 28       		.byte	0x28
 660 02aa 44       		.byte	0x44
 661 02ab 4C       		.byte	0x4c
 662 02ac 90       		.byte	0x90
 663 02ad 90       		.byte	0x90
 664 02ae 90       		.byte	0x90
 665 02af 7C       		.byte	0x7c
 666 02b0 44       		.byte	0x44
 667 02b1 64       		.byte	0x64
 668 02b2 54       		.byte	0x54
 669 02b3 4C       		.byte	0x4c
 670 02b4 44       		.byte	0x44
 671 02b5 00       		.byte	0
 672 02b6 08       		.byte	0x8
 673 02b7 36       		.byte	0x36
 674 02b8 41       		.byte	0x41
 675 02b9 00       		.byte	0
 676 02ba 00       		.byte	0
 677 02bb 00       		.byte	0
 678 02bc 77       		.byte	0x77
 679 02bd 00       		.byte	0
 680 02be 00       		.byte	0
 681 02bf 00       		.byte	0
 682 02c0 41       		.byte	0x41
 683 02c1 36       		.byte	0x36
 684 02c2 08       		.byte	0x8
ARM GAS  C:\Users\nicol\AppData\Local\Temp\ccI4t6Tm.s 			page 13


 685 02c3 00       		.byte	0
 686 02c4 02       		.byte	0x2
 687 02c5 01       		.byte	0x1
 688 02c6 02       		.byte	0x2
 689 02c7 04       		.byte	0x4
 690 02c8 02       		.byte	0x2
 691 02c9 3C       		.byte	0x3c
 692 02ca 26       		.byte	0x26
 693 02cb 23       		.byte	0x23
 694 02cc 26       		.byte	0x26
 695 02cd 3C       		.byte	0x3c
 696 02ce 1E       		.byte	0x1e
 697 02cf A1       		.byte	0xa1
 698 02d0 A1       		.byte	0xa1
 699 02d1 61       		.byte	0x61
 700 02d2 12       		.byte	0x12
 701 02d3 3A       		.byte	0x3a
 702 02d4 40       		.byte	0x40
 703 02d5 40       		.byte	0x40
 704 02d6 20       		.byte	0x20
 705 02d7 7A       		.byte	0x7a
 706 02d8 38       		.byte	0x38
 707 02d9 54       		.byte	0x54
 708 02da 54       		.byte	0x54
 709 02db 55       		.byte	0x55
 710 02dc 59       		.byte	0x59
 711 02dd 21       		.byte	0x21
 712 02de 55       		.byte	0x55
 713 02df 55       		.byte	0x55
 714 02e0 79       		.byte	0x79
 715 02e1 41       		.byte	0x41
 716 02e2 22       		.byte	0x22
 717 02e3 54       		.byte	0x54
 718 02e4 54       		.byte	0x54
 719 02e5 78       		.byte	0x78
 720 02e6 42       		.byte	0x42
 721 02e7 21       		.byte	0x21
 722 02e8 55       		.byte	0x55
 723 02e9 54       		.byte	0x54
 724 02ea 78       		.byte	0x78
 725 02eb 40       		.byte	0x40
 726 02ec 20       		.byte	0x20
 727 02ed 54       		.byte	0x54
 728 02ee 55       		.byte	0x55
 729 02ef 79       		.byte	0x79
 730 02f0 40       		.byte	0x40
 731 02f1 0C       		.byte	0xc
 732 02f2 1E       		.byte	0x1e
 733 02f3 52       		.byte	0x52
 734 02f4 72       		.byte	0x72
 735 02f5 12       		.byte	0x12
 736 02f6 39       		.byte	0x39
 737 02f7 55       		.byte	0x55
 738 02f8 55       		.byte	0x55
 739 02f9 55       		.byte	0x55
 740 02fa 59       		.byte	0x59
 741 02fb 39       		.byte	0x39
ARM GAS  C:\Users\nicol\AppData\Local\Temp\ccI4t6Tm.s 			page 14


 742 02fc 54       		.byte	0x54
 743 02fd 54       		.byte	0x54
 744 02fe 54       		.byte	0x54
 745 02ff 59       		.byte	0x59
 746 0300 39       		.byte	0x39
 747 0301 55       		.byte	0x55
 748 0302 54       		.byte	0x54
 749 0303 54       		.byte	0x54
 750 0304 58       		.byte	0x58
 751 0305 00       		.byte	0
 752 0306 00       		.byte	0
 753 0307 45       		.byte	0x45
 754 0308 7C       		.byte	0x7c
 755 0309 41       		.byte	0x41
 756 030a 00       		.byte	0
 757 030b 02       		.byte	0x2
 758 030c 45       		.byte	0x45
 759 030d 7D       		.byte	0x7d
 760 030e 42       		.byte	0x42
 761 030f 00       		.byte	0
 762 0310 01       		.byte	0x1
 763 0311 45       		.byte	0x45
 764 0312 7C       		.byte	0x7c
 765 0313 40       		.byte	0x40
 766 0314 7D       		.byte	0x7d
 767 0315 12       		.byte	0x12
 768 0316 11       		.byte	0x11
 769 0317 12       		.byte	0x12
 770 0318 7D       		.byte	0x7d
 771 0319 F0       		.byte	0xf0
 772 031a 28       		.byte	0x28
 773 031b 25       		.byte	0x25
 774 031c 28       		.byte	0x28
 775 031d F0       		.byte	0xf0
 776 031e 7C       		.byte	0x7c
 777 031f 54       		.byte	0x54
 778 0320 55       		.byte	0x55
 779 0321 45       		.byte	0x45
 780 0322 00       		.byte	0
 781 0323 20       		.byte	0x20
 782 0324 54       		.byte	0x54
 783 0325 54       		.byte	0x54
 784 0326 7C       		.byte	0x7c
 785 0327 54       		.byte	0x54
 786 0328 7C       		.byte	0x7c
 787 0329 0A       		.byte	0xa
 788 032a 09       		.byte	0x9
 789 032b 7F       		.byte	0x7f
 790 032c 49       		.byte	0x49
 791 032d 32       		.byte	0x32
 792 032e 49       		.byte	0x49
 793 032f 49       		.byte	0x49
 794 0330 49       		.byte	0x49
 795 0331 32       		.byte	0x32
 796 0332 3A       		.byte	0x3a
 797 0333 44       		.byte	0x44
 798 0334 44       		.byte	0x44
ARM GAS  C:\Users\nicol\AppData\Local\Temp\ccI4t6Tm.s 			page 15


 799 0335 44       		.byte	0x44
 800 0336 3A       		.byte	0x3a
 801 0337 32       		.byte	0x32
 802 0338 4A       		.byte	0x4a
 803 0339 48       		.byte	0x48
 804 033a 48       		.byte	0x48
 805 033b 30       		.byte	0x30
 806 033c 3A       		.byte	0x3a
 807 033d 41       		.byte	0x41
 808 033e 41       		.byte	0x41
 809 033f 21       		.byte	0x21
 810 0340 7A       		.byte	0x7a
 811 0341 3A       		.byte	0x3a
 812 0342 42       		.byte	0x42
 813 0343 40       		.byte	0x40
 814 0344 20       		.byte	0x20
 815 0345 78       		.byte	0x78
 816 0346 00       		.byte	0
 817 0347 9D       		.byte	0x9d
 818 0348 A0       		.byte	0xa0
 819 0349 A0       		.byte	0xa0
 820 034a 7D       		.byte	0x7d
 821 034b 3D       		.byte	0x3d
 822 034c 42       		.byte	0x42
 823 034d 42       		.byte	0x42
 824 034e 42       		.byte	0x42
 825 034f 3D       		.byte	0x3d
 826 0350 3D       		.byte	0x3d
 827 0351 40       		.byte	0x40
 828 0352 40       		.byte	0x40
 829 0353 40       		.byte	0x40
 830 0354 3D       		.byte	0x3d
 831 0355 3C       		.byte	0x3c
 832 0356 24       		.byte	0x24
 833 0357 FF       		.byte	0xff
 834 0358 24       		.byte	0x24
 835 0359 24       		.byte	0x24
 836 035a 48       		.byte	0x48
 837 035b 7E       		.byte	0x7e
 838 035c 49       		.byte	0x49
 839 035d 43       		.byte	0x43
 840 035e 66       		.byte	0x66
 841 035f 2B       		.byte	0x2b
 842 0360 2F       		.byte	0x2f
 843 0361 FC       		.byte	0xfc
 844 0362 2F       		.byte	0x2f
 845 0363 2B       		.byte	0x2b
 846 0364 FF       		.byte	0xff
 847 0365 09       		.byte	0x9
 848 0366 29       		.byte	0x29
 849 0367 F6       		.byte	0xf6
 850 0368 20       		.byte	0x20
 851 0369 C0       		.byte	0xc0
 852 036a 88       		.byte	0x88
 853 036b 7E       		.byte	0x7e
 854 036c 09       		.byte	0x9
 855 036d 03       		.byte	0x3
ARM GAS  C:\Users\nicol\AppData\Local\Temp\ccI4t6Tm.s 			page 16


 856 036e 20       		.byte	0x20
 857 036f 54       		.byte	0x54
 858 0370 54       		.byte	0x54
 859 0371 79       		.byte	0x79
 860 0372 41       		.byte	0x41
 861 0373 00       		.byte	0
 862 0374 00       		.byte	0
 863 0375 44       		.byte	0x44
 864 0376 7D       		.byte	0x7d
 865 0377 41       		.byte	0x41
 866 0378 30       		.byte	0x30
 867 0379 48       		.byte	0x48
 868 037a 48       		.byte	0x48
 869 037b 4A       		.byte	0x4a
 870 037c 32       		.byte	0x32
 871 037d 38       		.byte	0x38
 872 037e 40       		.byte	0x40
 873 037f 40       		.byte	0x40
 874 0380 22       		.byte	0x22
 875 0381 7A       		.byte	0x7a
 876 0382 00       		.byte	0
 877 0383 7A       		.byte	0x7a
 878 0384 0A       		.byte	0xa
 879 0385 0A       		.byte	0xa
 880 0386 72       		.byte	0x72
 881 0387 7D       		.byte	0x7d
 882 0388 0D       		.byte	0xd
 883 0389 19       		.byte	0x19
 884 038a 31       		.byte	0x31
 885 038b 7D       		.byte	0x7d
 886 038c 26       		.byte	0x26
 887 038d 29       		.byte	0x29
 888 038e 29       		.byte	0x29
 889 038f 2F       		.byte	0x2f
 890 0390 28       		.byte	0x28
 891 0391 26       		.byte	0x26
 892 0392 29       		.byte	0x29
 893 0393 29       		.byte	0x29
 894 0394 29       		.byte	0x29
 895 0395 26       		.byte	0x26
 896 0396 30       		.byte	0x30
 897 0397 48       		.byte	0x48
 898 0398 4D       		.byte	0x4d
 899 0399 40       		.byte	0x40
 900 039a 20       		.byte	0x20
 901 039b 38       		.byte	0x38
 902 039c 08       		.byte	0x8
 903 039d 08       		.byte	0x8
 904 039e 08       		.byte	0x8
 905 039f 08       		.byte	0x8
 906 03a0 08       		.byte	0x8
 907 03a1 08       		.byte	0x8
 908 03a2 08       		.byte	0x8
 909 03a3 08       		.byte	0x8
 910 03a4 38       		.byte	0x38
 911 03a5 2F       		.byte	0x2f
 912 03a6 10       		.byte	0x10
ARM GAS  C:\Users\nicol\AppData\Local\Temp\ccI4t6Tm.s 			page 17


 913 03a7 C8       		.byte	0xc8
 914 03a8 AC       		.byte	0xac
 915 03a9 BA       		.byte	0xba
 916 03aa 2F       		.byte	0x2f
 917 03ab 10       		.byte	0x10
 918 03ac 28       		.byte	0x28
 919 03ad 34       		.byte	0x34
 920 03ae FA       		.byte	0xfa
 921 03af 00       		.byte	0
 922 03b0 00       		.byte	0
 923 03b1 7B       		.byte	0x7b
 924 03b2 00       		.byte	0
 925 03b3 00       		.byte	0
 926 03b4 08       		.byte	0x8
 927 03b5 14       		.byte	0x14
 928 03b6 2A       		.byte	0x2a
 929 03b7 14       		.byte	0x14
 930 03b8 22       		.byte	0x22
 931 03b9 22       		.byte	0x22
 932 03ba 14       		.byte	0x14
 933 03bb 2A       		.byte	0x2a
 934 03bc 14       		.byte	0x14
 935 03bd 08       		.byte	0x8
 936 03be AA       		.byte	0xaa
 937 03bf 00       		.byte	0
 938 03c0 55       		.byte	0x55
 939 03c1 00       		.byte	0
 940 03c2 AA       		.byte	0xaa
 941 03c3 AA       		.byte	0xaa
 942 03c4 55       		.byte	0x55
 943 03c5 AA       		.byte	0xaa
 944 03c6 55       		.byte	0x55
 945 03c7 AA       		.byte	0xaa
 946 03c8 00       		.byte	0
 947 03c9 00       		.byte	0
 948 03ca 00       		.byte	0
 949 03cb FF       		.byte	0xff
 950 03cc 00       		.byte	0
 951 03cd 10       		.byte	0x10
 952 03ce 10       		.byte	0x10
 953 03cf 10       		.byte	0x10
 954 03d0 FF       		.byte	0xff
 955 03d1 00       		.byte	0
 956 03d2 14       		.byte	0x14
 957 03d3 14       		.byte	0x14
 958 03d4 14       		.byte	0x14
 959 03d5 FF       		.byte	0xff
 960 03d6 00       		.byte	0
 961 03d7 10       		.byte	0x10
 962 03d8 10       		.byte	0x10
 963 03d9 FF       		.byte	0xff
 964 03da 00       		.byte	0
 965 03db FF       		.byte	0xff
 966 03dc 10       		.byte	0x10
 967 03dd 10       		.byte	0x10
 968 03de F0       		.byte	0xf0
 969 03df 10       		.byte	0x10
ARM GAS  C:\Users\nicol\AppData\Local\Temp\ccI4t6Tm.s 			page 18


 970 03e0 F0       		.byte	0xf0
 971 03e1 14       		.byte	0x14
 972 03e2 14       		.byte	0x14
 973 03e3 14       		.byte	0x14
 974 03e4 FC       		.byte	0xfc
 975 03e5 00       		.byte	0
 976 03e6 14       		.byte	0x14
 977 03e7 14       		.byte	0x14
 978 03e8 F7       		.byte	0xf7
 979 03e9 00       		.byte	0
 980 03ea FF       		.byte	0xff
 981 03eb 00       		.byte	0
 982 03ec 00       		.byte	0
 983 03ed FF       		.byte	0xff
 984 03ee 00       		.byte	0
 985 03ef FF       		.byte	0xff
 986 03f0 14       		.byte	0x14
 987 03f1 14       		.byte	0x14
 988 03f2 F4       		.byte	0xf4
 989 03f3 04       		.byte	0x4
 990 03f4 FC       		.byte	0xfc
 991 03f5 14       		.byte	0x14
 992 03f6 14       		.byte	0x14
 993 03f7 17       		.byte	0x17
 994 03f8 10       		.byte	0x10
 995 03f9 1F       		.byte	0x1f
 996 03fa 10       		.byte	0x10
 997 03fb 10       		.byte	0x10
 998 03fc 1F       		.byte	0x1f
 999 03fd 10       		.byte	0x10
 1000 03fe 1F       		.byte	0x1f
 1001 03ff 14       		.byte	0x14
 1002 0400 14       		.byte	0x14
 1003 0401 14       		.byte	0x14
 1004 0402 1F       		.byte	0x1f
 1005 0403 00       		.byte	0
 1006 0404 10       		.byte	0x10
 1007 0405 10       		.byte	0x10
 1008 0406 10       		.byte	0x10
 1009 0407 F0       		.byte	0xf0
 1010 0408 00       		.byte	0
 1011 0409 00       		.byte	0
 1012 040a 00       		.byte	0
 1013 040b 00       		.byte	0
 1014 040c 1F       		.byte	0x1f
 1015 040d 10       		.byte	0x10
 1016 040e 10       		.byte	0x10
 1017 040f 10       		.byte	0x10
 1018 0410 10       		.byte	0x10
 1019 0411 1F       		.byte	0x1f
 1020 0412 10       		.byte	0x10
 1021 0413 10       		.byte	0x10
 1022 0414 10       		.byte	0x10
 1023 0415 10       		.byte	0x10
 1024 0416 F0       		.byte	0xf0
 1025 0417 10       		.byte	0x10
 1026 0418 00       		.byte	0
ARM GAS  C:\Users\nicol\AppData\Local\Temp\ccI4t6Tm.s 			page 19


 1027 0419 00       		.byte	0
 1028 041a 00       		.byte	0
 1029 041b FF       		.byte	0xff
 1030 041c 10       		.byte	0x10
 1031 041d 10       		.byte	0x10
 1032 041e 10       		.byte	0x10
 1033 041f 10       		.byte	0x10
 1034 0420 10       		.byte	0x10
 1035 0421 10       		.byte	0x10
 1036 0422 10       		.byte	0x10
 1037 0423 10       		.byte	0x10
 1038 0424 10       		.byte	0x10
 1039 0425 FF       		.byte	0xff
 1040 0426 10       		.byte	0x10
 1041 0427 00       		.byte	0
 1042 0428 00       		.byte	0
 1043 0429 00       		.byte	0
 1044 042a FF       		.byte	0xff
 1045 042b 14       		.byte	0x14
 1046 042c 00       		.byte	0
 1047 042d 00       		.byte	0
 1048 042e FF       		.byte	0xff
 1049 042f 00       		.byte	0
 1050 0430 FF       		.byte	0xff
 1051 0431 00       		.byte	0
 1052 0432 00       		.byte	0
 1053 0433 1F       		.byte	0x1f
 1054 0434 10       		.byte	0x10
 1055 0435 17       		.byte	0x17
 1056 0436 00       		.byte	0
 1057 0437 00       		.byte	0
 1058 0438 FC       		.byte	0xfc
 1059 0439 04       		.byte	0x4
 1060 043a F4       		.byte	0xf4
 1061 043b 14       		.byte	0x14
 1062 043c 14       		.byte	0x14
 1063 043d 17       		.byte	0x17
 1064 043e 10       		.byte	0x10
 1065 043f 17       		.byte	0x17
 1066 0440 14       		.byte	0x14
 1067 0441 14       		.byte	0x14
 1068 0442 F4       		.byte	0xf4
 1069 0443 04       		.byte	0x4
 1070 0444 F4       		.byte	0xf4
 1071 0445 00       		.byte	0
 1072 0446 00       		.byte	0
 1073 0447 FF       		.byte	0xff
 1074 0448 00       		.byte	0
 1075 0449 F7       		.byte	0xf7
 1076 044a 14       		.byte	0x14
 1077 044b 14       		.byte	0x14
 1078 044c 14       		.byte	0x14
 1079 044d 14       		.byte	0x14
 1080 044e 14       		.byte	0x14
 1081 044f 14       		.byte	0x14
 1082 0450 14       		.byte	0x14
 1083 0451 F7       		.byte	0xf7
ARM GAS  C:\Users\nicol\AppData\Local\Temp\ccI4t6Tm.s 			page 20


 1084 0452 00       		.byte	0
 1085 0453 F7       		.byte	0xf7
 1086 0454 14       		.byte	0x14
 1087 0455 14       		.byte	0x14
 1088 0456 14       		.byte	0x14
 1089 0457 17       		.byte	0x17
 1090 0458 14       		.byte	0x14
 1091 0459 10       		.byte	0x10
 1092 045a 10       		.byte	0x10
 1093 045b 1F       		.byte	0x1f
 1094 045c 10       		.byte	0x10
 1095 045d 1F       		.byte	0x1f
 1096 045e 14       		.byte	0x14
 1097 045f 14       		.byte	0x14
 1098 0460 14       		.byte	0x14
 1099 0461 F4       		.byte	0xf4
 1100 0462 14       		.byte	0x14
 1101 0463 10       		.byte	0x10
 1102 0464 10       		.byte	0x10
 1103 0465 F0       		.byte	0xf0
 1104 0466 10       		.byte	0x10
 1105 0467 F0       		.byte	0xf0
 1106 0468 00       		.byte	0
 1107 0469 00       		.byte	0
 1108 046a 1F       		.byte	0x1f
 1109 046b 10       		.byte	0x10
 1110 046c 1F       		.byte	0x1f
 1111 046d 00       		.byte	0
 1112 046e 00       		.byte	0
 1113 046f 00       		.byte	0
 1114 0470 1F       		.byte	0x1f
 1115 0471 14       		.byte	0x14
 1116 0472 00       		.byte	0
 1117 0473 00       		.byte	0
 1118 0474 00       		.byte	0
 1119 0475 FC       		.byte	0xfc
 1120 0476 14       		.byte	0x14
 1121 0477 00       		.byte	0
 1122 0478 00       		.byte	0
 1123 0479 F0       		.byte	0xf0
 1124 047a 10       		.byte	0x10
 1125 047b F0       		.byte	0xf0
 1126 047c 10       		.byte	0x10
 1127 047d 10       		.byte	0x10
 1128 047e FF       		.byte	0xff
 1129 047f 10       		.byte	0x10
 1130 0480 FF       		.byte	0xff
 1131 0481 14       		.byte	0x14
 1132 0482 14       		.byte	0x14
 1133 0483 14       		.byte	0x14
 1134 0484 FF       		.byte	0xff
 1135 0485 14       		.byte	0x14
 1136 0486 10       		.byte	0x10
 1137 0487 10       		.byte	0x10
 1138 0488 10       		.byte	0x10
 1139 0489 1F       		.byte	0x1f
 1140 048a 00       		.byte	0
ARM GAS  C:\Users\nicol\AppData\Local\Temp\ccI4t6Tm.s 			page 21


 1141 048b 00       		.byte	0
 1142 048c 00       		.byte	0
 1143 048d 00       		.byte	0
 1144 048e F0       		.byte	0xf0
 1145 048f 10       		.byte	0x10
 1146 0490 FF       		.byte	0xff
 1147 0491 FF       		.byte	0xff
 1148 0492 FF       		.byte	0xff
 1149 0493 FF       		.byte	0xff
 1150 0494 FF       		.byte	0xff
 1151 0495 F0       		.byte	0xf0
 1152 0496 F0       		.byte	0xf0
 1153 0497 F0       		.byte	0xf0
 1154 0498 F0       		.byte	0xf0
 1155 0499 F0       		.byte	0xf0
 1156 049a FF       		.byte	0xff
 1157 049b FF       		.byte	0xff
 1158 049c FF       		.byte	0xff
 1159 049d 00       		.byte	0
 1160 049e 00       		.byte	0
 1161 049f 00       		.byte	0
 1162 04a0 00       		.byte	0
 1163 04a1 00       		.byte	0
 1164 04a2 FF       		.byte	0xff
 1165 04a3 FF       		.byte	0xff
 1166 04a4 0F       		.byte	0xf
 1167 04a5 0F       		.byte	0xf
 1168 04a6 0F       		.byte	0xf
 1169 04a7 0F       		.byte	0xf
 1170 04a8 0F       		.byte	0xf
 1171 04a9 38       		.byte	0x38
 1172 04aa 44       		.byte	0x44
 1173 04ab 44       		.byte	0x44
 1174 04ac 38       		.byte	0x38
 1175 04ad 44       		.byte	0x44
 1176 04ae FC       		.byte	0xfc
 1177 04af 4A       		.byte	0x4a
 1178 04b0 4A       		.byte	0x4a
 1179 04b1 4A       		.byte	0x4a
 1180 04b2 34       		.byte	0x34
 1181 04b3 7E       		.byte	0x7e
 1182 04b4 02       		.byte	0x2
 1183 04b5 02       		.byte	0x2
 1184 04b6 06       		.byte	0x6
 1185 04b7 06       		.byte	0x6
 1186 04b8 02       		.byte	0x2
 1187 04b9 7E       		.byte	0x7e
 1188 04ba 02       		.byte	0x2
 1189 04bb 7E       		.byte	0x7e
 1190 04bc 02       		.byte	0x2
 1191 04bd 63       		.byte	0x63
 1192 04be 55       		.byte	0x55
 1193 04bf 49       		.byte	0x49
 1194 04c0 41       		.byte	0x41
 1195 04c1 63       		.byte	0x63
 1196 04c2 38       		.byte	0x38
 1197 04c3 44       		.byte	0x44
ARM GAS  C:\Users\nicol\AppData\Local\Temp\ccI4t6Tm.s 			page 22


 1198 04c4 44       		.byte	0x44
 1199 04c5 3C       		.byte	0x3c
 1200 04c6 04       		.byte	0x4
 1201 04c7 40       		.byte	0x40
 1202 04c8 7E       		.byte	0x7e
 1203 04c9 20       		.byte	0x20
 1204 04ca 1E       		.byte	0x1e
 1205 04cb 20       		.byte	0x20
 1206 04cc 06       		.byte	0x6
 1207 04cd 02       		.byte	0x2
 1208 04ce 7E       		.byte	0x7e
 1209 04cf 02       		.byte	0x2
 1210 04d0 02       		.byte	0x2
 1211 04d1 99       		.byte	0x99
 1212 04d2 A5       		.byte	0xa5
 1213 04d3 E7       		.byte	0xe7
 1214 04d4 A5       		.byte	0xa5
 1215 04d5 99       		.byte	0x99
 1216 04d6 1C       		.byte	0x1c
 1217 04d7 2A       		.byte	0x2a
 1218 04d8 49       		.byte	0x49
 1219 04d9 2A       		.byte	0x2a
 1220 04da 1C       		.byte	0x1c
 1221 04db 4C       		.byte	0x4c
 1222 04dc 72       		.byte	0x72
 1223 04dd 01       		.byte	0x1
 1224 04de 72       		.byte	0x72
 1225 04df 4C       		.byte	0x4c
 1226 04e0 30       		.byte	0x30
 1227 04e1 4A       		.byte	0x4a
 1228 04e2 4D       		.byte	0x4d
 1229 04e3 4D       		.byte	0x4d
 1230 04e4 30       		.byte	0x30
 1231 04e5 30       		.byte	0x30
 1232 04e6 48       		.byte	0x48
 1233 04e7 78       		.byte	0x78
 1234 04e8 48       		.byte	0x48
 1235 04e9 30       		.byte	0x30
 1236 04ea BC       		.byte	0xbc
 1237 04eb 62       		.byte	0x62
 1238 04ec 5A       		.byte	0x5a
 1239 04ed 46       		.byte	0x46
 1240 04ee 3D       		.byte	0x3d
 1241 04ef 3E       		.byte	0x3e
 1242 04f0 49       		.byte	0x49
 1243 04f1 49       		.byte	0x49
 1244 04f2 49       		.byte	0x49
 1245 04f3 00       		.byte	0
 1246 04f4 7E       		.byte	0x7e
 1247 04f5 01       		.byte	0x1
 1248 04f6 01       		.byte	0x1
 1249 04f7 01       		.byte	0x1
 1250 04f8 7E       		.byte	0x7e
 1251 04f9 2A       		.byte	0x2a
 1252 04fa 2A       		.byte	0x2a
 1253 04fb 2A       		.byte	0x2a
 1254 04fc 2A       		.byte	0x2a
ARM GAS  C:\Users\nicol\AppData\Local\Temp\ccI4t6Tm.s 			page 23


 1255 04fd 2A       		.byte	0x2a
 1256 04fe 44       		.byte	0x44
 1257 04ff 44       		.byte	0x44
 1258 0500 5F       		.byte	0x5f
 1259 0501 44       		.byte	0x44
 1260 0502 44       		.byte	0x44
 1261 0503 40       		.byte	0x40
 1262 0504 51       		.byte	0x51
 1263 0505 4A       		.byte	0x4a
 1264 0506 44       		.byte	0x44
 1265 0507 40       		.byte	0x40
 1266 0508 40       		.byte	0x40
 1267 0509 44       		.byte	0x44
 1268 050a 4A       		.byte	0x4a
 1269 050b 51       		.byte	0x51
 1270 050c 40       		.byte	0x40
 1271 050d 00       		.byte	0
 1272 050e 00       		.byte	0
 1273 050f FF       		.byte	0xff
 1274 0510 01       		.byte	0x1
 1275 0511 03       		.byte	0x3
 1276 0512 E0       		.byte	0xe0
 1277 0513 80       		.byte	0x80
 1278 0514 FF       		.byte	0xff
 1279 0515 00       		.byte	0
 1280 0516 00       		.byte	0
 1281 0517 08       		.byte	0x8
 1282 0518 08       		.byte	0x8
 1283 0519 6B       		.byte	0x6b
 1284 051a 6B       		.byte	0x6b
 1285 051b 08       		.byte	0x8
 1286 051c 36       		.byte	0x36
 1287 051d 12       		.byte	0x12
 1288 051e 36       		.byte	0x36
 1289 051f 24       		.byte	0x24
 1290 0520 36       		.byte	0x36
 1291 0521 06       		.byte	0x6
 1292 0522 0F       		.byte	0xf
 1293 0523 09       		.byte	0x9
 1294 0524 0F       		.byte	0xf
 1295 0525 06       		.byte	0x6
 1296 0526 00       		.byte	0
 1297 0527 00       		.byte	0
 1298 0528 18       		.byte	0x18
 1299 0529 18       		.byte	0x18
 1300 052a 00       		.byte	0
 1301 052b 00       		.byte	0
 1302 052c 00       		.byte	0
 1303 052d 10       		.byte	0x10
 1304 052e 10       		.byte	0x10
 1305 052f 00       		.byte	0
 1306 0530 30       		.byte	0x30
 1307 0531 40       		.byte	0x40
 1308 0532 FF       		.byte	0xff
 1309 0533 01       		.byte	0x1
 1310 0534 01       		.byte	0x1
 1311 0535 00       		.byte	0
ARM GAS  C:\Users\nicol\AppData\Local\Temp\ccI4t6Tm.s 			page 24


 1312 0536 1F       		.byte	0x1f
 1313 0537 01       		.byte	0x1
 1314 0538 01       		.byte	0x1
 1315 0539 1E       		.byte	0x1e
 1316 053a 00       		.byte	0
 1317 053b 19       		.byte	0x19
 1318 053c 1D       		.byte	0x1d
 1319 053d 17       		.byte	0x17
 1320 053e 12       		.byte	0x12
 1321 053f 00       		.byte	0
 1322 0540 3C       		.byte	0x3c
 1323 0541 3C       		.byte	0x3c
 1324 0542 3C       		.byte	0x3c
 1325 0543 3C       		.byte	0x3c
 1326 0544 00       		.byte	0
 1327 0545 00       		.byte	0
 1328 0546 00       		.byte	0
 1329 0547 00       		.byte	0
 1330 0548 00       		.byte	0
 1331 0549 05       		.uleb128 0x5
 1332 054a 1D000000 		.4byte	0x1d
 1333 054e 00       		.byte	0
 1334              		.section	.debug_abbrev,"",%progbits
 1335              	.Ldebug_abbrev0:
 1336 0000 01       		.uleb128 0x1
 1337 0001 11       		.uleb128 0x11
 1338 0002 01       		.byte	0x1
 1339 0003 25       		.uleb128 0x25
 1340 0004 0E       		.uleb128 0xe
 1341 0005 13       		.uleb128 0x13
 1342 0006 0B       		.uleb128 0xb
 1343 0007 03       		.uleb128 0x3
 1344 0008 0E       		.uleb128 0xe
 1345 0009 1B       		.uleb128 0x1b
 1346 000a 0E       		.uleb128 0xe
 1347 000b 10       		.uleb128 0x10
 1348 000c 17       		.uleb128 0x17
 1349 000d 00       		.byte	0
 1350 000e 00       		.byte	0
 1351 000f 02       		.uleb128 0x2
 1352 0010 01       		.uleb128 0x1
 1353 0011 01       		.byte	0x1
 1354 0012 49       		.uleb128 0x49
 1355 0013 13       		.uleb128 0x13
 1356 0014 01       		.uleb128 0x1
 1357 0015 13       		.uleb128 0x13
 1358 0016 00       		.byte	0
 1359 0017 00       		.byte	0
 1360 0018 03       		.uleb128 0x3
 1361 0019 21       		.uleb128 0x21
 1362 001a 00       		.byte	0
 1363 001b 49       		.uleb128 0x49
 1364 001c 13       		.uleb128 0x13
 1365 001d 2F       		.uleb128 0x2f
 1366 001e 05       		.uleb128 0x5
 1367 001f 00       		.byte	0
 1368 0020 00       		.byte	0
ARM GAS  C:\Users\nicol\AppData\Local\Temp\ccI4t6Tm.s 			page 25


 1369 0021 04       		.uleb128 0x4
 1370 0022 24       		.uleb128 0x24
 1371 0023 00       		.byte	0
 1372 0024 0B       		.uleb128 0xb
 1373 0025 0B       		.uleb128 0xb
 1374 0026 3E       		.uleb128 0x3e
 1375 0027 0B       		.uleb128 0xb
 1376 0028 03       		.uleb128 0x3
 1377 0029 0E       		.uleb128 0xe
 1378 002a 00       		.byte	0
 1379 002b 00       		.byte	0
 1380 002c 05       		.uleb128 0x5
 1381 002d 26       		.uleb128 0x26
 1382 002e 00       		.byte	0
 1383 002f 49       		.uleb128 0x49
 1384 0030 13       		.uleb128 0x13
 1385 0031 00       		.byte	0
 1386 0032 00       		.byte	0
 1387 0033 06       		.uleb128 0x6
 1388 0034 34       		.uleb128 0x34
 1389 0035 00       		.byte	0
 1390 0036 03       		.uleb128 0x3
 1391 0037 0E       		.uleb128 0xe
 1392 0038 3A       		.uleb128 0x3a
 1393 0039 0B       		.uleb128 0xb
 1394 003a 3B       		.uleb128 0x3b
 1395 003b 0B       		.uleb128 0xb
 1396 003c 49       		.uleb128 0x49
 1397 003d 13       		.uleb128 0x13
 1398 003e 1C       		.uleb128 0x1c
 1399 003f 03       		.uleb128 0x3
 1400 0040 00       		.byte	0
 1401 0041 00       		.byte	0
 1402 0042 00       		.byte	0
 1403              		.section	.debug_aranges,"",%progbits
 1404 0000 14000000 		.4byte	0x14
 1405 0004 0200     		.2byte	0x2
 1406 0006 00000000 		.4byte	.Ldebug_info0
 1407 000a 04       		.byte	0x4
 1408 000b 00       		.byte	0
 1409 000c 0000     		.2byte	0
 1410 000e 0000     		.2byte	0
 1411 0010 00000000 		.4byte	0
 1412 0014 00000000 		.4byte	0
 1413              		.section	.debug_line,"",%progbits
 1414              	.Ldebug_line0:
 1415 0000 23000000 		.section	.debug_str,"MS",%progbits,1
 1415      02001D00 
 1415      00000201 
 1415      FB0E0D00 
 1415      01010101 
 1416              	.LASF1:
 1417 0000 756E7369 		.ascii	"unsigned char\000"
 1417      676E6564 
 1417      20636861 
 1417      7200
 1418              	.LASF0:
ARM GAS  C:\Users\nicol\AppData\Local\Temp\ccI4t6Tm.s 			page 26


 1419 000e 73697A65 		.ascii	"sizetype\000"
 1419      74797065 
 1419      00
 1420              	.LASF5:
 1421 0017 666F6E74 		.ascii	"font\000"
 1421      00
 1422              	.LASF2:
 1423 001c 474E5520 		.ascii	"GNU C11 5.4.1 20160609 (release) [ARM/embedded-5-br"
 1423      43313120 
 1423      352E342E 
 1423      31203230 
 1423      31363036 
 1424 004f 616E6368 		.ascii	"anch revision 237715] -mcpu=cortex-m3 -mthumb -g -O"
 1424      20726576 
 1424      6973696F 
 1424      6E203233 
 1424      37373135 
 1425 0082 67202D66 		.ascii	"g -ffunction-sections -ffat-lto-objects\000"
 1425      66756E63 
 1425      74696F6E 
 1425      2D736563 
 1425      74696F6E 
 1426              	.LASF4:
 1427 00aa 433A5C55 		.ascii	"C:\\Users\\nicol\\Documents\\PSoC Creator\\CE195277"
 1427      73657273 
 1427      5C6E6963 
 1427      6F6C5C44 
 1427      6F63756D 
 1428 00d8 5F414443 		.ascii	"_ADC_and_UART\\CE195352_PSoC_5LP_Blinking_LED\\CE19"
 1428      5F616E64 
 1428      5F554152 
 1428      545C4345 
 1428      31393533 
 1429 0109 35333532 		.ascii	"5352_PSoC_5LP_Blinking_LED\\LED_TEST\\Design01.cyds"
 1429      5F50536F 
 1429      435F354C 
 1429      505F426C 
 1429      696E6B69 
 1430 013a 6E00     		.ascii	"n\000"
 1431              	.LASF3:
 1432 013c 666F6E74 		.ascii	"font.c\000"
 1432      2E6300
 1433              		.ident	"GCC: (GNU Tools for ARM Embedded Processors) 5.4.1 20160609 (release) [ARM/embedded-5-bran
