ARM GAS  C:\Users\nicol\AppData\Local\Temp\ccmr33tk.s 			page 1


   1              		.syntax unified
   2              		.cpu cortex-m3
   3              		.fpu softvfp
   4              		.eabi_attribute 20, 1
   5              		.eabi_attribute 21, 1
   6              		.eabi_attribute 23, 3
   7              		.eabi_attribute 24, 1
   8              		.eabi_attribute 25, 1
   9              		.eabi_attribute 26, 1
  10              		.eabi_attribute 30, 1
  11              		.eabi_attribute 34, 1
  12              		.eabi_attribute 18, 4
  13              		.thumb
  14              		.syntax unified
  15              		.file	"L298N.c"
  16              		.text
  17              	.Ltext0:
  18              		.cfi_sections	.debug_frame
  19              		.section	.text.L298N_Init,"ax",%progbits
  20              		.align	2
  21              		.global	L298N_Init
  22              		.thumb
  23              		.thumb_func
  24              		.type	L298N_Init, %function
  25              	L298N_Init:
  26              	.LFB63:
  27              		.file 1 "L298N.c"
   1:L298N.c       **** #include "L298N.h"
   2:L298N.c       **** #include "project.h"
   3:L298N.c       **** 
   4:L298N.c       **** uint8_t pwm_value;
   5:L298N.c       **** 
   6:L298N.c       **** void L298N_Init(void) {
  28              		.loc 1 6 0
  29              		.cfi_startproc
  30              		@ args = 0, pretend = 0, frame = 0
  31              		@ frame_needed = 0, uses_anonymous_args = 0
  32 0000 08B5     		push	{r3, lr}
  33              		.cfi_def_cfa_offset 8
  34              		.cfi_offset 3, -8
  35              		.cfi_offset 14, -4
   7:L298N.c       ****     PWM1_WriteCompare(0);
  36              		.loc 1 7 0
  37 0002 0020     		movs	r0, #0
  38 0004 FFF7FEFF 		bl	PWM1_WriteCompare
  39              	.LVL0:
   8:L298N.c       ****     PWM2_WriteCompare(0);
  40              		.loc 1 8 0
  41 0008 0020     		movs	r0, #0
  42 000a FFF7FEFF 		bl	PWM2_WriteCompare
  43              	.LVL1:
  44 000e 08BD     		pop	{r3, pc}
  45              		.cfi_endproc
  46              	.LFE63:
  47              		.size	L298N_Init, .-L298N_Init
  48              		.section	.text.L298N_Forward,"ax",%progbits
  49              		.align	2
ARM GAS  C:\Users\nicol\AppData\Local\Temp\ccmr33tk.s 			page 2


  50              		.global	L298N_Forward
  51              		.thumb
  52              		.thumb_func
  53              		.type	L298N_Forward, %function
  54              	L298N_Forward:
  55              	.LFB64:
   9:L298N.c       **** }
  10:L298N.c       **** 
  11:L298N.c       **** void L298N_Forward(uint8_t pwm_value) {
  56              		.loc 1 11 0
  57              		.cfi_startproc
  58              		@ args = 0, pretend = 0, frame = 0
  59              		@ frame_needed = 0, uses_anonymous_args = 0
  60              	.LVL2:
  61 0000 08B5     		push	{r3, lr}
  62              		.cfi_def_cfa_offset 8
  63              		.cfi_offset 3, -8
  64              		.cfi_offset 14, -4
  12:L298N.c       ****     PWM1_WriteCompare(pwm_value);
  65              		.loc 1 12 0
  66 0002 FFF7FEFF 		bl	PWM1_WriteCompare
  67              	.LVL3:
  13:L298N.c       ****     PWM2_WriteCompare(0);
  68              		.loc 1 13 0
  69 0006 0020     		movs	r0, #0
  70 0008 FFF7FEFF 		bl	PWM2_WriteCompare
  71              	.LVL4:
  72 000c 08BD     		pop	{r3, pc}
  73              		.cfi_endproc
  74              	.LFE64:
  75              		.size	L298N_Forward, .-L298N_Forward
  76 000e 00BF     		.section	.text.L298N_Backward,"ax",%progbits
  77              		.align	2
  78              		.global	L298N_Backward
  79              		.thumb
  80              		.thumb_func
  81              		.type	L298N_Backward, %function
  82              	L298N_Backward:
  83              	.LFB65:
  14:L298N.c       **** }
  15:L298N.c       **** 
  16:L298N.c       **** void L298N_Backward(uint8_t pwm_value) {
  84              		.loc 1 16 0
  85              		.cfi_startproc
  86              		@ args = 0, pretend = 0, frame = 0
  87              		@ frame_needed = 0, uses_anonymous_args = 0
  88              	.LVL5:
  89 0000 10B5     		push	{r4, lr}
  90              		.cfi_def_cfa_offset 8
  91              		.cfi_offset 4, -8
  92              		.cfi_offset 14, -4
  93 0002 0446     		mov	r4, r0
  17:L298N.c       ****     PWM1_WriteCompare(0);
  94              		.loc 1 17 0
  95 0004 0020     		movs	r0, #0
  96              	.LVL6:
  97 0006 FFF7FEFF 		bl	PWM1_WriteCompare
ARM GAS  C:\Users\nicol\AppData\Local\Temp\ccmr33tk.s 			page 3


  98              	.LVL7:
  18:L298N.c       ****     PWM2_WriteCompare(pwm_value);
  99              		.loc 1 18 0
 100 000a 2046     		mov	r0, r4
 101 000c FFF7FEFF 		bl	PWM2_WriteCompare
 102              	.LVL8:
 103 0010 10BD     		pop	{r4, pc}
 104              		.cfi_endproc
 105              	.LFE65:
 106              		.size	L298N_Backward, .-L298N_Backward
 107 0012 00BF     		.section	.text.L298N_Stop,"ax",%progbits
 108              		.align	2
 109              		.global	L298N_Stop
 110              		.thumb
 111              		.thumb_func
 112              		.type	L298N_Stop, %function
 113              	L298N_Stop:
 114              	.LFB66:
  19:L298N.c       **** }
  20:L298N.c       **** 
  21:L298N.c       **** void L298N_Stop(void) {
 115              		.loc 1 21 0
 116              		.cfi_startproc
 117              		@ args = 0, pretend = 0, frame = 0
 118              		@ frame_needed = 0, uses_anonymous_args = 0
 119 0000 08B5     		push	{r3, lr}
 120              		.cfi_def_cfa_offset 8
 121              		.cfi_offset 3, -8
 122              		.cfi_offset 14, -4
  22:L298N.c       ****     PWM1_WriteCompare(0);
 123              		.loc 1 22 0
 124 0002 0020     		movs	r0, #0
 125 0004 FFF7FEFF 		bl	PWM1_WriteCompare
 126              	.LVL9:
  23:L298N.c       ****     PWM2_WriteCompare(0);
 127              		.loc 1 23 0
 128 0008 0020     		movs	r0, #0
 129 000a FFF7FEFF 		bl	PWM2_WriteCompare
 130              	.LVL10:
 131 000e 08BD     		pop	{r3, pc}
 132              		.cfi_endproc
 133              	.LFE66:
 134              		.size	L298N_Stop, .-L298N_Stop
 135              		.comm	pwm_value,1,1
 136              		.text
 137              	.Letext0:
 138              		.file 2 "c:\\program files (x86)\\cypress\\psoc creator\\4.4\\psoc creator\\import\\gnu\\arm\\5.4.
 139              		.file 3 "c:\\program files (x86)\\cypress\\psoc creator\\4.4\\psoc creator\\import\\gnu\\arm\\5.4.
 140              		.file 4 "Generated_Source\\PSoC5/core_cm3.h"
 141              		.file 5 "Generated_Source\\PSoC5/PWM1.h"
 142              		.file 6 "Generated_Source\\PSoC5/PWM2.h"
 143              		.section	.debug_info,"",%progbits
 144              	.Ldebug_info0:
 145 0000 E4010000 		.4byte	0x1e4
 146 0004 0400     		.2byte	0x4
 147 0006 00000000 		.4byte	.Ldebug_abbrev0
 148 000a 04       		.byte	0x4
ARM GAS  C:\Users\nicol\AppData\Local\Temp\ccmr33tk.s 			page 4


 149 000b 01       		.uleb128 0x1
 150 000c C0000000 		.4byte	.LASF26
 151 0010 0C       		.byte	0xc
 152 0011 4B020000 		.4byte	.LASF27
 153 0015 2E000000 		.4byte	.LASF28
 154 0019 00000000 		.4byte	.Ldebug_ranges0+0
 155 001d 00000000 		.4byte	0
 156 0021 00000000 		.4byte	.Ldebug_line0
 157 0025 02       		.uleb128 0x2
 158 0026 01       		.byte	0x1
 159 0027 06       		.byte	0x6
 160 0028 E6010000 		.4byte	.LASF0
 161 002c 03       		.uleb128 0x3
 162 002d 77010000 		.4byte	.LASF4
 163 0031 02       		.byte	0x2
 164 0032 1D       		.byte	0x1d
 165 0033 37000000 		.4byte	0x37
 166 0037 02       		.uleb128 0x2
 167 0038 01       		.byte	0x1
 168 0039 08       		.byte	0x8
 169 003a 9E010000 		.4byte	.LASF1
 170 003e 02       		.uleb128 0x2
 171 003f 02       		.byte	0x2
 172 0040 05       		.byte	0x5
 173 0041 BA010000 		.4byte	.LASF2
 174 0045 02       		.uleb128 0x2
 175 0046 02       		.byte	0x2
 176 0047 07       		.byte	0x7
 177 0048 0E000000 		.4byte	.LASF3
 178 004c 03       		.uleb128 0x3
 179 004d FE010000 		.4byte	.LASF5
 180 0051 02       		.byte	0x2
 181 0052 3F       		.byte	0x3f
 182 0053 57000000 		.4byte	0x57
 183 0057 02       		.uleb128 0x2
 184 0058 04       		.byte	0x4
 185 0059 05       		.byte	0x5
 186 005a B1010000 		.4byte	.LASF6
 187 005e 02       		.uleb128 0x2
 188 005f 04       		.byte	0x4
 189 0060 07       		.byte	0x7
 190 0061 4E010000 		.4byte	.LASF7
 191 0065 02       		.uleb128 0x2
 192 0066 08       		.byte	0x8
 193 0067 05       		.byte	0x5
 194 0068 00000000 		.4byte	.LASF8
 195 006c 02       		.uleb128 0x2
 196 006d 08       		.byte	0x8
 197 006e 07       		.byte	0x7
 198 006f 60010000 		.4byte	.LASF9
 199 0073 04       		.uleb128 0x4
 200 0074 04       		.byte	0x4
 201 0075 05       		.byte	0x5
 202 0076 696E7400 		.ascii	"int\000"
 203 007a 02       		.uleb128 0x2
 204 007b 04       		.byte	0x4
 205 007c 07       		.byte	0x7
ARM GAS  C:\Users\nicol\AppData\Local\Temp\ccmr33tk.s 			page 5


 206 007d 21000000 		.4byte	.LASF10
 207 0081 03       		.uleb128 0x3
 208 0082 96010000 		.4byte	.LASF11
 209 0086 03       		.byte	0x3
 210 0087 18       		.byte	0x18
 211 0088 2C000000 		.4byte	0x2c
 212 008c 03       		.uleb128 0x3
 213 008d 2B020000 		.4byte	.LASF12
 214 0091 03       		.byte	0x3
 215 0092 2C       		.byte	0x2c
 216 0093 4C000000 		.4byte	0x4c
 217 0097 02       		.uleb128 0x2
 218 0098 04       		.byte	0x4
 219 0099 04       		.byte	0x4
 220 009a 1A020000 		.4byte	.LASF13
 221 009e 02       		.uleb128 0x2
 222 009f 08       		.byte	0x8
 223 00a0 04       		.byte	0x4
 224 00a1 C4010000 		.4byte	.LASF14
 225 00a5 02       		.uleb128 0x2
 226 00a6 01       		.byte	0x1
 227 00a7 08       		.byte	0x8
 228 00a8 AC010000 		.4byte	.LASF15
 229 00ac 02       		.uleb128 0x2
 230 00ad 08       		.byte	0x8
 231 00ae 04       		.byte	0x4
 232 00af F2010000 		.4byte	.LASF16
 233 00b3 02       		.uleb128 0x2
 234 00b4 04       		.byte	0x4
 235 00b5 07       		.byte	0x7
 236 00b6 42020000 		.4byte	.LASF17
 237 00ba 05       		.uleb128 0x5
 238 00bb 20020000 		.4byte	.LASF18
 239 00bf 01       		.byte	0x1
 240 00c0 06       		.byte	0x6
 241 00c1 00000000 		.4byte	.LFB63
 242 00c5 10000000 		.4byte	.LFE63-.LFB63
 243 00c9 01       		.uleb128 0x1
 244 00ca 9C       		.byte	0x9c
 245 00cb F2000000 		.4byte	0xf2
 246 00cf 06       		.uleb128 0x6
 247 00d0 08000000 		.4byte	.LVL0
 248 00d4 D1010000 		.4byte	0x1d1
 249 00d8 E2000000 		.4byte	0xe2
 250 00dc 07       		.uleb128 0x7
 251 00dd 01       		.uleb128 0x1
 252 00de 50       		.byte	0x50
 253 00df 01       		.uleb128 0x1
 254 00e0 30       		.byte	0x30
 255 00e1 00       		.byte	0
 256 00e2 08       		.uleb128 0x8
 257 00e3 0E000000 		.4byte	.LVL1
 258 00e7 DC010000 		.4byte	0x1dc
 259 00eb 07       		.uleb128 0x7
 260 00ec 01       		.uleb128 0x1
 261 00ed 50       		.byte	0x50
 262 00ee 01       		.uleb128 0x1
ARM GAS  C:\Users\nicol\AppData\Local\Temp\ccmr33tk.s 			page 6


 263 00ef 30       		.byte	0x30
 264 00f0 00       		.byte	0
 265 00f1 00       		.byte	0
 266 00f2 05       		.uleb128 0x5
 267 00f3 CB010000 		.4byte	.LASF19
 268 00f7 01       		.byte	0x1
 269 00f8 0B       		.byte	0xb
 270 00f9 00000000 		.4byte	.LFB64
 271 00fd 0E000000 		.4byte	.LFE64-.LFB64
 272 0101 01       		.uleb128 0x1
 273 0102 9C       		.byte	0x9c
 274 0103 2F010000 		.4byte	0x12f
 275 0107 09       		.uleb128 0x9
 276 0108 8C010000 		.4byte	.LASF21
 277 010c 01       		.byte	0x1
 278 010d 0B       		.byte	0xb
 279 010e 81000000 		.4byte	0x81
 280 0112 00000000 		.4byte	.LLST0
 281 0116 0A       		.uleb128 0xa
 282 0117 06000000 		.4byte	.LVL3
 283 011b D1010000 		.4byte	0x1d1
 284 011f 08       		.uleb128 0x8
 285 0120 0C000000 		.4byte	.LVL4
 286 0124 DC010000 		.4byte	0x1dc
 287 0128 07       		.uleb128 0x7
 288 0129 01       		.uleb128 0x1
 289 012a 50       		.byte	0x50
 290 012b 01       		.uleb128 0x1
 291 012c 30       		.byte	0x30
 292 012d 00       		.byte	0
 293 012e 00       		.byte	0
 294 012f 05       		.uleb128 0x5
 295 0130 33020000 		.4byte	.LASF20
 296 0134 01       		.byte	0x1
 297 0135 10       		.byte	0x10
 298 0136 00000000 		.4byte	.LFB65
 299 013a 12000000 		.4byte	.LFE65-.LFB65
 300 013e 01       		.uleb128 0x1
 301 013f 9C       		.byte	0x9c
 302 0140 77010000 		.4byte	0x177
 303 0144 09       		.uleb128 0x9
 304 0145 8C010000 		.4byte	.LASF21
 305 0149 01       		.byte	0x1
 306 014a 10       		.byte	0x10
 307 014b 81000000 		.4byte	0x81
 308 014f 21000000 		.4byte	.LLST1
 309 0153 06       		.uleb128 0x6
 310 0154 0A000000 		.4byte	.LVL7
 311 0158 D1010000 		.4byte	0x1d1
 312 015c 66010000 		.4byte	0x166
 313 0160 07       		.uleb128 0x7
 314 0161 01       		.uleb128 0x1
 315 0162 50       		.byte	0x50
 316 0163 01       		.uleb128 0x1
 317 0164 30       		.byte	0x30
 318 0165 00       		.byte	0
 319 0166 08       		.uleb128 0x8
ARM GAS  C:\Users\nicol\AppData\Local\Temp\ccmr33tk.s 			page 7


 320 0167 10000000 		.4byte	.LVL8
 321 016b DC010000 		.4byte	0x1dc
 322 016f 07       		.uleb128 0x7
 323 0170 01       		.uleb128 0x1
 324 0171 50       		.byte	0x50
 325 0172 02       		.uleb128 0x2
 326 0173 74       		.byte	0x74
 327 0174 00       		.sleb128 0
 328 0175 00       		.byte	0
 329 0176 00       		.byte	0
 330 0177 05       		.uleb128 0x5
 331 0178 81010000 		.4byte	.LASF22
 332 017c 01       		.byte	0x1
 333 017d 15       		.byte	0x15
 334 017e 00000000 		.4byte	.LFB66
 335 0182 10000000 		.4byte	.LFE66-.LFB66
 336 0186 01       		.uleb128 0x1
 337 0187 9C       		.byte	0x9c
 338 0188 AF010000 		.4byte	0x1af
 339 018c 06       		.uleb128 0x6
 340 018d 08000000 		.4byte	.LVL9
 341 0191 D1010000 		.4byte	0x1d1
 342 0195 9F010000 		.4byte	0x19f
 343 0199 07       		.uleb128 0x7
 344 019a 01       		.uleb128 0x1
 345 019b 50       		.byte	0x50
 346 019c 01       		.uleb128 0x1
 347 019d 30       		.byte	0x30
 348 019e 00       		.byte	0
 349 019f 08       		.uleb128 0x8
 350 01a0 0E000000 		.4byte	.LVL10
 351 01a4 DC010000 		.4byte	0x1dc
 352 01a8 07       		.uleb128 0x7
 353 01a9 01       		.uleb128 0x1
 354 01aa 50       		.byte	0x50
 355 01ab 01       		.uleb128 0x1
 356 01ac 30       		.byte	0x30
 357 01ad 00       		.byte	0
 358 01ae 00       		.byte	0
 359 01af 0B       		.uleb128 0xb
 360 01b0 D9010000 		.4byte	.LASF23
 361 01b4 04       		.byte	0x4
 362 01b5 1207     		.2byte	0x712
 363 01b7 BB010000 		.4byte	0x1bb
 364 01bb 0C       		.uleb128 0xc
 365 01bc 8C000000 		.4byte	0x8c
 366 01c0 0D       		.uleb128 0xd
 367 01c1 8C010000 		.4byte	.LASF21
 368 01c5 01       		.byte	0x1
 369 01c6 04       		.byte	0x4
 370 01c7 81000000 		.4byte	0x81
 371 01cb 05       		.uleb128 0x5
 372 01cc 03       		.byte	0x3
 373 01cd 00000000 		.4byte	pwm_value
 374 01d1 0E       		.uleb128 0xe
 375 01d2 08020000 		.4byte	.LASF24
 376 01d6 08020000 		.4byte	.LASF24
ARM GAS  C:\Users\nicol\AppData\Local\Temp\ccmr33tk.s 			page 8


 377 01da 05       		.byte	0x5
 378 01db C3       		.byte	0xc3
 379 01dc 0E       		.uleb128 0xe
 380 01dd 53020000 		.4byte	.LASF25
 381 01e1 53020000 		.4byte	.LASF25
 382 01e5 06       		.byte	0x6
 383 01e6 C3       		.byte	0xc3
 384 01e7 00       		.byte	0
 385              		.section	.debug_abbrev,"",%progbits
 386              	.Ldebug_abbrev0:
 387 0000 01       		.uleb128 0x1
 388 0001 11       		.uleb128 0x11
 389 0002 01       		.byte	0x1
 390 0003 25       		.uleb128 0x25
 391 0004 0E       		.uleb128 0xe
 392 0005 13       		.uleb128 0x13
 393 0006 0B       		.uleb128 0xb
 394 0007 03       		.uleb128 0x3
 395 0008 0E       		.uleb128 0xe
 396 0009 1B       		.uleb128 0x1b
 397 000a 0E       		.uleb128 0xe
 398 000b 55       		.uleb128 0x55
 399 000c 17       		.uleb128 0x17
 400 000d 11       		.uleb128 0x11
 401 000e 01       		.uleb128 0x1
 402 000f 10       		.uleb128 0x10
 403 0010 17       		.uleb128 0x17
 404 0011 00       		.byte	0
 405 0012 00       		.byte	0
 406 0013 02       		.uleb128 0x2
 407 0014 24       		.uleb128 0x24
 408 0015 00       		.byte	0
 409 0016 0B       		.uleb128 0xb
 410 0017 0B       		.uleb128 0xb
 411 0018 3E       		.uleb128 0x3e
 412 0019 0B       		.uleb128 0xb
 413 001a 03       		.uleb128 0x3
 414 001b 0E       		.uleb128 0xe
 415 001c 00       		.byte	0
 416 001d 00       		.byte	0
 417 001e 03       		.uleb128 0x3
 418 001f 16       		.uleb128 0x16
 419 0020 00       		.byte	0
 420 0021 03       		.uleb128 0x3
 421 0022 0E       		.uleb128 0xe
 422 0023 3A       		.uleb128 0x3a
 423 0024 0B       		.uleb128 0xb
 424 0025 3B       		.uleb128 0x3b
 425 0026 0B       		.uleb128 0xb
 426 0027 49       		.uleb128 0x49
 427 0028 13       		.uleb128 0x13
 428 0029 00       		.byte	0
 429 002a 00       		.byte	0
 430 002b 04       		.uleb128 0x4
 431 002c 24       		.uleb128 0x24
 432 002d 00       		.byte	0
 433 002e 0B       		.uleb128 0xb
ARM GAS  C:\Users\nicol\AppData\Local\Temp\ccmr33tk.s 			page 9


 434 002f 0B       		.uleb128 0xb
 435 0030 3E       		.uleb128 0x3e
 436 0031 0B       		.uleb128 0xb
 437 0032 03       		.uleb128 0x3
 438 0033 08       		.uleb128 0x8
 439 0034 00       		.byte	0
 440 0035 00       		.byte	0
 441 0036 05       		.uleb128 0x5
 442 0037 2E       		.uleb128 0x2e
 443 0038 01       		.byte	0x1
 444 0039 3F       		.uleb128 0x3f
 445 003a 19       		.uleb128 0x19
 446 003b 03       		.uleb128 0x3
 447 003c 0E       		.uleb128 0xe
 448 003d 3A       		.uleb128 0x3a
 449 003e 0B       		.uleb128 0xb
 450 003f 3B       		.uleb128 0x3b
 451 0040 0B       		.uleb128 0xb
 452 0041 27       		.uleb128 0x27
 453 0042 19       		.uleb128 0x19
 454 0043 11       		.uleb128 0x11
 455 0044 01       		.uleb128 0x1
 456 0045 12       		.uleb128 0x12
 457 0046 06       		.uleb128 0x6
 458 0047 40       		.uleb128 0x40
 459 0048 18       		.uleb128 0x18
 460 0049 9742     		.uleb128 0x2117
 461 004b 19       		.uleb128 0x19
 462 004c 01       		.uleb128 0x1
 463 004d 13       		.uleb128 0x13
 464 004e 00       		.byte	0
 465 004f 00       		.byte	0
 466 0050 06       		.uleb128 0x6
 467 0051 898201   		.uleb128 0x4109
 468 0054 01       		.byte	0x1
 469 0055 11       		.uleb128 0x11
 470 0056 01       		.uleb128 0x1
 471 0057 31       		.uleb128 0x31
 472 0058 13       		.uleb128 0x13
 473 0059 01       		.uleb128 0x1
 474 005a 13       		.uleb128 0x13
 475 005b 00       		.byte	0
 476 005c 00       		.byte	0
 477 005d 07       		.uleb128 0x7
 478 005e 8A8201   		.uleb128 0x410a
 479 0061 00       		.byte	0
 480 0062 02       		.uleb128 0x2
 481 0063 18       		.uleb128 0x18
 482 0064 9142     		.uleb128 0x2111
 483 0066 18       		.uleb128 0x18
 484 0067 00       		.byte	0
 485 0068 00       		.byte	0
 486 0069 08       		.uleb128 0x8
 487 006a 898201   		.uleb128 0x4109
 488 006d 01       		.byte	0x1
 489 006e 11       		.uleb128 0x11
 490 006f 01       		.uleb128 0x1
ARM GAS  C:\Users\nicol\AppData\Local\Temp\ccmr33tk.s 			page 10


 491 0070 31       		.uleb128 0x31
 492 0071 13       		.uleb128 0x13
 493 0072 00       		.byte	0
 494 0073 00       		.byte	0
 495 0074 09       		.uleb128 0x9
 496 0075 05       		.uleb128 0x5
 497 0076 00       		.byte	0
 498 0077 03       		.uleb128 0x3
 499 0078 0E       		.uleb128 0xe
 500 0079 3A       		.uleb128 0x3a
 501 007a 0B       		.uleb128 0xb
 502 007b 3B       		.uleb128 0x3b
 503 007c 0B       		.uleb128 0xb
 504 007d 49       		.uleb128 0x49
 505 007e 13       		.uleb128 0x13
 506 007f 02       		.uleb128 0x2
 507 0080 17       		.uleb128 0x17
 508 0081 00       		.byte	0
 509 0082 00       		.byte	0
 510 0083 0A       		.uleb128 0xa
 511 0084 898201   		.uleb128 0x4109
 512 0087 00       		.byte	0
 513 0088 11       		.uleb128 0x11
 514 0089 01       		.uleb128 0x1
 515 008a 31       		.uleb128 0x31
 516 008b 13       		.uleb128 0x13
 517 008c 00       		.byte	0
 518 008d 00       		.byte	0
 519 008e 0B       		.uleb128 0xb
 520 008f 34       		.uleb128 0x34
 521 0090 00       		.byte	0
 522 0091 03       		.uleb128 0x3
 523 0092 0E       		.uleb128 0xe
 524 0093 3A       		.uleb128 0x3a
 525 0094 0B       		.uleb128 0xb
 526 0095 3B       		.uleb128 0x3b
 527 0096 05       		.uleb128 0x5
 528 0097 49       		.uleb128 0x49
 529 0098 13       		.uleb128 0x13
 530 0099 3F       		.uleb128 0x3f
 531 009a 19       		.uleb128 0x19
 532 009b 3C       		.uleb128 0x3c
 533 009c 19       		.uleb128 0x19
 534 009d 00       		.byte	0
 535 009e 00       		.byte	0
 536 009f 0C       		.uleb128 0xc
 537 00a0 35       		.uleb128 0x35
 538 00a1 00       		.byte	0
 539 00a2 49       		.uleb128 0x49
 540 00a3 13       		.uleb128 0x13
 541 00a4 00       		.byte	0
 542 00a5 00       		.byte	0
 543 00a6 0D       		.uleb128 0xd
 544 00a7 34       		.uleb128 0x34
 545 00a8 00       		.byte	0
 546 00a9 03       		.uleb128 0x3
 547 00aa 0E       		.uleb128 0xe
ARM GAS  C:\Users\nicol\AppData\Local\Temp\ccmr33tk.s 			page 11


 548 00ab 3A       		.uleb128 0x3a
 549 00ac 0B       		.uleb128 0xb
 550 00ad 3B       		.uleb128 0x3b
 551 00ae 0B       		.uleb128 0xb
 552 00af 49       		.uleb128 0x49
 553 00b0 13       		.uleb128 0x13
 554 00b1 3F       		.uleb128 0x3f
 555 00b2 19       		.uleb128 0x19
 556 00b3 02       		.uleb128 0x2
 557 00b4 18       		.uleb128 0x18
 558 00b5 00       		.byte	0
 559 00b6 00       		.byte	0
 560 00b7 0E       		.uleb128 0xe
 561 00b8 2E       		.uleb128 0x2e
 562 00b9 00       		.byte	0
 563 00ba 3F       		.uleb128 0x3f
 564 00bb 19       		.uleb128 0x19
 565 00bc 3C       		.uleb128 0x3c
 566 00bd 19       		.uleb128 0x19
 567 00be 6E       		.uleb128 0x6e
 568 00bf 0E       		.uleb128 0xe
 569 00c0 03       		.uleb128 0x3
 570 00c1 0E       		.uleb128 0xe
 571 00c2 3A       		.uleb128 0x3a
 572 00c3 0B       		.uleb128 0xb
 573 00c4 3B       		.uleb128 0x3b
 574 00c5 0B       		.uleb128 0xb
 575 00c6 00       		.byte	0
 576 00c7 00       		.byte	0
 577 00c8 00       		.byte	0
 578              		.section	.debug_loc,"",%progbits
 579              	.Ldebug_loc0:
 580              	.LLST0:
 581 0000 00000000 		.4byte	.LVL2
 582 0004 05000000 		.4byte	.LVL3-1
 583 0008 0100     		.2byte	0x1
 584 000a 50       		.byte	0x50
 585 000b 05000000 		.4byte	.LVL3-1
 586 000f 0E000000 		.4byte	.LFE64
 587 0013 0400     		.2byte	0x4
 588 0015 F3       		.byte	0xf3
 589 0016 01       		.uleb128 0x1
 590 0017 50       		.byte	0x50
 591 0018 9F       		.byte	0x9f
 592 0019 00000000 		.4byte	0
 593 001d 00000000 		.4byte	0
 594              	.LLST1:
 595 0021 00000000 		.4byte	.LVL5
 596 0025 06000000 		.4byte	.LVL6
 597 0029 0100     		.2byte	0x1
 598 002b 50       		.byte	0x50
 599 002c 06000000 		.4byte	.LVL6
 600 0030 12000000 		.4byte	.LFE65
 601 0034 0400     		.2byte	0x4
 602 0036 F3       		.byte	0xf3
 603 0037 01       		.uleb128 0x1
 604 0038 50       		.byte	0x50
ARM GAS  C:\Users\nicol\AppData\Local\Temp\ccmr33tk.s 			page 12


 605 0039 9F       		.byte	0x9f
 606 003a 00000000 		.4byte	0
 607 003e 00000000 		.4byte	0
 608              		.section	.debug_aranges,"",%progbits
 609 0000 34000000 		.4byte	0x34
 610 0004 0200     		.2byte	0x2
 611 0006 00000000 		.4byte	.Ldebug_info0
 612 000a 04       		.byte	0x4
 613 000b 00       		.byte	0
 614 000c 0000     		.2byte	0
 615 000e 0000     		.2byte	0
 616 0010 00000000 		.4byte	.LFB63
 617 0014 10000000 		.4byte	.LFE63-.LFB63
 618 0018 00000000 		.4byte	.LFB64
 619 001c 0E000000 		.4byte	.LFE64-.LFB64
 620 0020 00000000 		.4byte	.LFB65
 621 0024 12000000 		.4byte	.LFE65-.LFB65
 622 0028 00000000 		.4byte	.LFB66
 623 002c 10000000 		.4byte	.LFE66-.LFB66
 624 0030 00000000 		.4byte	0
 625 0034 00000000 		.4byte	0
 626              		.section	.debug_ranges,"",%progbits
 627              	.Ldebug_ranges0:
 628 0000 00000000 		.4byte	.LFB63
 629 0004 10000000 		.4byte	.LFE63
 630 0008 00000000 		.4byte	.LFB64
 631 000c 0E000000 		.4byte	.LFE64
 632 0010 00000000 		.4byte	.LFB65
 633 0014 12000000 		.4byte	.LFE65
 634 0018 00000000 		.4byte	.LFB66
 635 001c 10000000 		.4byte	.LFE66
 636 0020 00000000 		.4byte	0
 637 0024 00000000 		.4byte	0
 638              		.section	.debug_line,"",%progbits
 639              	.Ldebug_line0:
 640 0000 9C010000 		.section	.debug_str,"MS",%progbits,1
 640      02005401 
 640      00000201 
 640      FB0E0D00 
 640      01010101 
 641              	.LASF8:
 642 0000 6C6F6E67 		.ascii	"long long int\000"
 642      206C6F6E 
 642      6720696E 
 642      7400
 643              	.LASF3:
 644 000e 73686F72 		.ascii	"short unsigned int\000"
 644      7420756E 
 644      7369676E 
 644      65642069 
 644      6E7400
 645              	.LASF10:
 646 0021 756E7369 		.ascii	"unsigned int\000"
 646      676E6564 
 646      20696E74 
 646      00
 647              	.LASF28:
ARM GAS  C:\Users\nicol\AppData\Local\Temp\ccmr33tk.s 			page 13


 648 002e 433A5C55 		.ascii	"C:\\Users\\nicol\\Documents\\PSoC Creator\\CE195277"
 648      73657273 
 648      5C6E6963 
 648      6F6C5C44 
 648      6F63756D 
 649 005c 5F414443 		.ascii	"_ADC_and_UART\\CE195352_PSoC_5LP_Blinking_LED\\CE19"
 649      5F616E64 
 649      5F554152 
 649      545C4345 
 649      31393533 
 650 008d 35333532 		.ascii	"5352_PSoC_5LP_Blinking_LED\\LED_TEST\\Design01.cyds"
 650      5F50536F 
 650      435F354C 
 650      505F426C 
 650      696E6B69 
 651 00be 6E00     		.ascii	"n\000"
 652              	.LASF26:
 653 00c0 474E5520 		.ascii	"GNU C11 5.4.1 20160609 (release) [ARM/embedded-5-br"
 653      43313120 
 653      352E342E 
 653      31203230 
 653      31363036 
 654 00f3 616E6368 		.ascii	"anch revision 237715] -mcpu=cortex-m3 -mthumb -g -O"
 654      20726576 
 654      6973696F 
 654      6E203233 
 654      37373135 
 655 0126 67202D66 		.ascii	"g -ffunction-sections -ffat-lto-objects\000"
 655      66756E63 
 655      74696F6E 
 655      2D736563 
 655      74696F6E 
 656              	.LASF7:
 657 014e 6C6F6E67 		.ascii	"long unsigned int\000"
 657      20756E73 
 657      69676E65 
 657      6420696E 
 657      7400
 658              	.LASF9:
 659 0160 6C6F6E67 		.ascii	"long long unsigned int\000"
 659      206C6F6E 
 659      6720756E 
 659      7369676E 
 659      65642069 
 660              	.LASF4:
 661 0177 5F5F7569 		.ascii	"__uint8_t\000"
 661      6E74385F 
 661      7400
 662              	.LASF22:
 663 0181 4C323938 		.ascii	"L298N_Stop\000"
 663      4E5F5374 
 663      6F7000
 664              	.LASF21:
 665 018c 70776D5F 		.ascii	"pwm_value\000"
 665      76616C75 
 665      6500
 666              	.LASF11:
ARM GAS  C:\Users\nicol\AppData\Local\Temp\ccmr33tk.s 			page 14


 667 0196 75696E74 		.ascii	"uint8_t\000"
 667      385F7400 
 668              	.LASF1:
 669 019e 756E7369 		.ascii	"unsigned char\000"
 669      676E6564 
 669      20636861 
 669      7200
 670              	.LASF15:
 671 01ac 63686172 		.ascii	"char\000"
 671      00
 672              	.LASF6:
 673 01b1 6C6F6E67 		.ascii	"long int\000"
 673      20696E74 
 673      00
 674              	.LASF2:
 675 01ba 73686F72 		.ascii	"short int\000"
 675      7420696E 
 675      7400
 676              	.LASF14:
 677 01c4 646F7562 		.ascii	"double\000"
 677      6C6500
 678              	.LASF19:
 679 01cb 4C323938 		.ascii	"L298N_Forward\000"
 679      4E5F466F 
 679      72776172 
 679      6400
 680              	.LASF23:
 681 01d9 49544D5F 		.ascii	"ITM_RxBuffer\000"
 681      52784275 
 681      66666572 
 681      00
 682              	.LASF0:
 683 01e6 7369676E 		.ascii	"signed char\000"
 683      65642063 
 683      68617200 
 684              	.LASF16:
 685 01f2 6C6F6E67 		.ascii	"long double\000"
 685      20646F75 
 685      626C6500 
 686              	.LASF5:
 687 01fe 5F5F696E 		.ascii	"__int32_t\000"
 687      7433325F 
 687      7400
 688              	.LASF24:
 689 0208 50574D31 		.ascii	"PWM1_WriteCompare\000"
 689      5F577269 
 689      7465436F 
 689      6D706172 
 689      6500
 690              	.LASF13:
 691 021a 666C6F61 		.ascii	"float\000"
 691      7400
 692              	.LASF18:
 693 0220 4C323938 		.ascii	"L298N_Init\000"
 693      4E5F496E 
 693      697400
 694              	.LASF12:
ARM GAS  C:\Users\nicol\AppData\Local\Temp\ccmr33tk.s 			page 15


 695 022b 696E7433 		.ascii	"int32_t\000"
 695      325F7400 
 696              	.LASF20:
 697 0233 4C323938 		.ascii	"L298N_Backward\000"
 697      4E5F4261 
 697      636B7761 
 697      726400
 698              	.LASF17:
 699 0242 73697A65 		.ascii	"sizetype\000"
 699      74797065 
 699      00
 700              	.LASF27:
 701 024b 4C323938 		.ascii	"L298N.c\000"
 701      4E2E6300 
 702              	.LASF25:
 703 0253 50574D32 		.ascii	"PWM2_WriteCompare\000"
 703      5F577269 
 703      7465436F 
 703      6D706172 
 703      6500
 704              		.ident	"GCC: (GNU Tools for ARM Embedded Processors) 5.4.1 20160609 (release) [ARM/embedded-5-bran
